mode: set
github.com/badskater/distributed-encoder/cmd/agent/main.go:13.13,19.49 3 0
github.com/badskater/distributed-encoder/cmd/agent/main.go:19.49,22.3 2 0
github.com/badskater/distributed-encoder/cmd/controller/main.go:14.13,21.41 4 0
github.com/badskater/distributed-encoder/cmd/controller/main.go:21.41,24.3 2 0
github.com/badskater/distributed-encoder/internal/agent/config/config.go:96.41,122.41 23 1
github.com/badskater/distributed-encoder/internal/agent/config/config.go:122.41,124.3 1 1
github.com/badskater/distributed-encoder/internal/agent/config/config.go:126.2,127.42 2 1
github.com/badskater/distributed-encoder/internal/agent/config/config.go:127.42,129.3 1 0
github.com/badskater/distributed-encoder/internal/agent/config/config.go:130.2,130.18 1 1
github.com/badskater/distributed-encoder/internal/cloudstorage/storage.go:42.42,44.16 2 1
github.com/badskater/distributed-encoder/internal/cloudstorage/storage.go:44.16,46.3 1 0
github.com/badskater/distributed-encoder/internal/cloudstorage/storage.go:47.2,47.35 1 1
github.com/badskater/distributed-encoder/internal/cloudstorage/storage.go:48.12,49.23 1 1
github.com/badskater/distributed-encoder/internal/cloudstorage/storage.go:50.12,51.24 1 1
github.com/badskater/distributed-encoder/internal/cloudstorage/storage.go:52.12,53.26 1 1
github.com/badskater/distributed-encoder/internal/cloudstorage/storage.go:54.10,55.104 1 1
github.com/badskater/distributed-encoder/internal/cloudstorage/storage.go:64.61,66.16 2 1
github.com/badskater/distributed-encoder/internal/cloudstorage/storage.go:66.16,68.3 1 0
github.com/badskater/distributed-encoder/internal/cloudstorage/storage.go:69.2,71.31 3 1
github.com/badskater/distributed-encoder/internal/cloudstorage/storage.go:71.31,73.3 1 1
github.com/badskater/distributed-encoder/internal/cloudstorage/storage.go:74.2,74.25 1 1
github.com/badskater/distributed-encoder/internal/cloudstorage/storage.go:78.65,80.16 2 1
github.com/badskater/distributed-encoder/internal/cloudstorage/storage.go:80.16,82.3 1 0
github.com/badskater/distributed-encoder/internal/cloudstorage/storage.go:83.2,85.34 3 1
github.com/badskater/distributed-encoder/internal/cloudstorage/storage.go:85.34,87.3 1 1
github.com/badskater/distributed-encoder/internal/cloudstorage/storage.go:88.2,88.28 1 1
github.com/badskater/distributed-encoder/internal/cloudstorage/storage.go:92.68,94.16 2 1
github.com/badskater/distributed-encoder/internal/cloudstorage/storage.go:94.16,96.3 1 0
github.com/badskater/distributed-encoder/internal/cloudstorage/storage.go:97.2,99.35 3 1
github.com/badskater/distributed-encoder/internal/cloudstorage/storage.go:99.35,101.3 1 1
github.com/badskater/distributed-encoder/internal/cloudstorage/storage.go:102.2,102.29 1 1
github.com/badskater/distributed-encoder/internal/cloudstorage/storage.go:107.54,108.67 1 1
github.com/badskater/distributed-encoder/internal/cloudstorage/storage.go:108.67,110.3 1 1
github.com/badskater/distributed-encoder/internal/cloudstorage/storage.go:111.2,112.16 2 1
github.com/badskater/distributed-encoder/internal/cloudstorage/storage.go:112.16,114.3 1 0
github.com/badskater/distributed-encoder/internal/cloudstorage/storage.go:115.2,116.41 2 1
github.com/badskater/distributed-encoder/internal/cloudstorage/storage.go:116.41,118.3 1 0
github.com/badskater/distributed-encoder/internal/cloudstorage/storage.go:119.2,119.12 1 1
github.com/badskater/distributed-encoder/internal/cloudstorage/storage.go:130.47,132.16 2 1
github.com/badskater/distributed-encoder/internal/cloudstorage/storage.go:132.16,134.3 1 0
github.com/badskater/distributed-encoder/internal/cloudstorage/storage.go:135.2,135.53 1 1
github.com/badskater/distributed-encoder/internal/cloudstorage/storage.go:138.78,140.16 2 0
github.com/badskater/distributed-encoder/internal/cloudstorage/storage.go:140.16,142.3 1 0
github.com/badskater/distributed-encoder/internal/cloudstorage/storage.go:143.2,147.16 2 0
github.com/badskater/distributed-encoder/internal/cloudstorage/storage.go:147.16,149.3 1 0
github.com/badskater/distributed-encoder/internal/cloudstorage/storage.go:150.2,151.41 2 0
github.com/badskater/distributed-encoder/internal/cloudstorage/storage.go:154.75,156.16 2 0
github.com/badskater/distributed-encoder/internal/cloudstorage/storage.go:156.16,158.3 1 0
github.com/badskater/distributed-encoder/internal/cloudstorage/storage.go:159.2,160.16 2 0
github.com/badskater/distributed-encoder/internal/cloudstorage/storage.go:160.16,162.3 1 0
github.com/badskater/distributed-encoder/internal/cloudstorage/storage.go:163.2,169.16 3 0
github.com/badskater/distributed-encoder/internal/cloudstorage/storage.go:169.16,171.3 1 0
github.com/badskater/distributed-encoder/internal/cloudstorage/storage.go:172.2,172.12 1 0
github.com/badskater/distributed-encoder/internal/cloudstorage/storage.go:175.74,177.16 2 0
github.com/badskater/distributed-encoder/internal/cloudstorage/storage.go:177.16,179.3 1 0
github.com/badskater/distributed-encoder/internal/cloudstorage/storage.go:180.2,184.16 2 0
github.com/badskater/distributed-encoder/internal/cloudstorage/storage.go:184.16,187.3 1 0
github.com/badskater/distributed-encoder/internal/cloudstorage/storage.go:188.2,188.18 1 0
github.com/badskater/distributed-encoder/internal/cloudstorage/storage.go:199.49,202.21 3 1
github.com/badskater/distributed-encoder/internal/cloudstorage/storage.go:202.21,204.3 1 0
github.com/badskater/distributed-encoder/internal/cloudstorage/storage.go:205.2,206.16 2 1
github.com/badskater/distributed-encoder/internal/cloudstorage/storage.go:206.16,208.3 1 1
github.com/badskater/distributed-encoder/internal/cloudstorage/storage.go:209.2,209.39 1 0
github.com/badskater/distributed-encoder/internal/cloudstorage/storage.go:212.79,214.16 2 0
github.com/badskater/distributed-encoder/internal/cloudstorage/storage.go:214.16,216.3 1 0
github.com/badskater/distributed-encoder/internal/cloudstorage/storage.go:217.2,218.16 2 0
github.com/badskater/distributed-encoder/internal/cloudstorage/storage.go:218.16,220.3 1 0
github.com/badskater/distributed-encoder/internal/cloudstorage/storage.go:221.2,222.33 2 0
github.com/badskater/distributed-encoder/internal/cloudstorage/storage.go:225.76,227.16 2 0
github.com/badskater/distributed-encoder/internal/cloudstorage/storage.go:227.16,229.3 1 0
github.com/badskater/distributed-encoder/internal/cloudstorage/storage.go:230.2,231.16 2 0
github.com/badskater/distributed-encoder/internal/cloudstorage/storage.go:231.16,233.3 1 0
github.com/badskater/distributed-encoder/internal/cloudstorage/storage.go:234.2,236.41 3 0
github.com/badskater/distributed-encoder/internal/cloudstorage/storage.go:236.41,239.3 2 0
github.com/badskater/distributed-encoder/internal/cloudstorage/storage.go:240.2,240.34 1 0
github.com/badskater/distributed-encoder/internal/cloudstorage/storage.go:240.34,242.3 1 0
github.com/badskater/distributed-encoder/internal/cloudstorage/storage.go:243.2,243.12 1 0
github.com/badskater/distributed-encoder/internal/cloudstorage/storage.go:246.75,248.16 2 0
github.com/badskater/distributed-encoder/internal/cloudstorage/storage.go:248.16,250.3 1 0
github.com/badskater/distributed-encoder/internal/cloudstorage/storage.go:251.2,252.34 2 0
github.com/badskater/distributed-encoder/internal/cloudstorage/storage.go:252.34,254.3 1 0
github.com/badskater/distributed-encoder/internal/cloudstorage/storage.go:255.2,255.16 1 0
github.com/badskater/distributed-encoder/internal/cloudstorage/storage.go:255.16,257.3 1 0
github.com/badskater/distributed-encoder/internal/cloudstorage/storage.go:258.2,258.18 1 0
github.com/badskater/distributed-encoder/internal/cloudstorage/storage.go:269.53,272.32 3 1
github.com/badskater/distributed-encoder/internal/cloudstorage/storage.go:272.32,274.3 1 1
github.com/badskater/distributed-encoder/internal/cloudstorage/storage.go:275.2,276.16 2 0
github.com/badskater/distributed-encoder/internal/cloudstorage/storage.go:276.16,278.3 1 0
github.com/badskater/distributed-encoder/internal/cloudstorage/storage.go:279.2,281.16 3 0
github.com/badskater/distributed-encoder/internal/cloudstorage/storage.go:281.16,283.3 1 0
github.com/badskater/distributed-encoder/internal/cloudstorage/storage.go:284.2,284.41 1 0
github.com/badskater/distributed-encoder/internal/cloudstorage/storage.go:287.81,289.16 2 0
github.com/badskater/distributed-encoder/internal/cloudstorage/storage.go:289.16,291.3 1 0
github.com/badskater/distributed-encoder/internal/cloudstorage/storage.go:292.2,292.67 1 0
github.com/badskater/distributed-encoder/internal/cloudstorage/storage.go:292.67,294.3 1 0
github.com/badskater/distributed-encoder/internal/cloudstorage/storage.go:295.2,296.16 2 0
github.com/badskater/distributed-encoder/internal/cloudstorage/storage.go:296.16,298.3 1 0
github.com/badskater/distributed-encoder/internal/cloudstorage/storage.go:299.2,301.16 3 0
github.com/badskater/distributed-encoder/internal/cloudstorage/storage.go:301.16,303.3 1 0
github.com/badskater/distributed-encoder/internal/cloudstorage/storage.go:304.2,304.12 1 0
github.com/badskater/distributed-encoder/internal/cloudstorage/storage.go:307.78,309.16 2 0
github.com/badskater/distributed-encoder/internal/cloudstorage/storage.go:309.16,311.3 1 0
github.com/badskater/distributed-encoder/internal/cloudstorage/storage.go:312.2,313.16 2 0
github.com/badskater/distributed-encoder/internal/cloudstorage/storage.go:313.16,315.3 1 0
github.com/badskater/distributed-encoder/internal/cloudstorage/storage.go:316.2,318.16 3 0
github.com/badskater/distributed-encoder/internal/cloudstorage/storage.go:318.16,320.3 1 0
github.com/badskater/distributed-encoder/internal/cloudstorage/storage.go:321.2,321.12 1 0
github.com/badskater/distributed-encoder/internal/cloudstorage/storage.go:324.77,326.16 2 0
github.com/badskater/distributed-encoder/internal/cloudstorage/storage.go:326.16,328.3 1 0
github.com/badskater/distributed-encoder/internal/cloudstorage/storage.go:329.2,332.19 2 0
github.com/badskater/distributed-encoder/internal/cloudstorage/storage.go:332.19,334.17 2 0
github.com/badskater/distributed-encoder/internal/cloudstorage/storage.go:334.17,336.4 1 0
github.com/badskater/distributed-encoder/internal/cloudstorage/storage.go:337.3,337.47 1 0
github.com/badskater/distributed-encoder/internal/cloudstorage/storage.go:337.47,338.46 1 0
github.com/badskater/distributed-encoder/internal/cloudstorage/storage.go:338.46,340.5 1 0
github.com/badskater/distributed-encoder/internal/cloudstorage/storage.go:343.2,343.19 1 0
github.com/badskater/distributed-encoder/internal/controller/analysis/runner.go:46.67,48.18 2 0
github.com/badskater/distributed-encoder/internal/controller/analysis/runner.go:48.18,50.3 1 0
github.com/badskater/distributed-encoder/internal/controller/analysis/runner.go:51.2,52.19 2 0
github.com/badskater/distributed-encoder/internal/controller/analysis/runner.go:52.19,54.3 1 0
github.com/badskater/distributed-encoder/internal/controller/analysis/runner.go:55.2,62.25 2 0
github.com/badskater/distributed-encoder/internal/controller/analysis/runner.go:62.25,64.3 1 0
github.com/badskater/distributed-encoder/internal/controller/analysis/runner.go:65.2,65.10 1 0
github.com/badskater/distributed-encoder/internal/controller/analysis/runner.go:69.28,70.18 1 0
github.com/badskater/distributed-encoder/internal/controller/analysis/runner.go:70.18,72.3 1 0
github.com/badskater/distributed-encoder/internal/controller/analysis/runner.go:76.28,77.18 1 0
github.com/badskater/distributed-encoder/internal/controller/analysis/runner.go:77.18,79.3 1 0
github.com/badskater/distributed-encoder/internal/controller/analysis/runner.go:89.88,91.16 2 0
github.com/badskater/distributed-encoder/internal/controller/analysis/runner.go:91.16,93.3 1 0
github.com/badskater/distributed-encoder/internal/controller/analysis/runner.go:94.2,94.49 1 0
github.com/badskater/distributed-encoder/internal/controller/analysis/runner.go:100.74,102.29 2 1
github.com/badskater/distributed-encoder/internal/controller/analysis/runner.go:102.29,103.17 1 1
github.com/badskater/distributed-encoder/internal/controller/analysis/runner.go:103.17,104.12 1 1
github.com/badskater/distributed-encoder/internal/controller/analysis/runner.go:106.3,106.12 1 1
github.com/badskater/distributed-encoder/internal/controller/analysis/runner.go:106.12,107.89 1 1
github.com/badskater/distributed-encoder/internal/controller/analysis/runner.go:107.89,108.13 1 1
github.com/badskater/distributed-encoder/internal/controller/analysis/runner.go:110.4,113.61 4 1
github.com/badskater/distributed-encoder/internal/controller/analysis/runner.go:117.3,117.51 1 1
github.com/badskater/distributed-encoder/internal/controller/analysis/runner.go:117.51,119.4 1 1
github.com/badskater/distributed-encoder/internal/controller/analysis/runner.go:121.2,121.19 1 1
github.com/badskater/distributed-encoder/internal/controller/analysis/runner.go:130.90,135.16 4 0
github.com/badskater/distributed-encoder/internal/controller/analysis/runner.go:135.16,137.3 1 0
github.com/badskater/distributed-encoder/internal/controller/analysis/runner.go:139.2,157.34 6 0
github.com/badskater/distributed-encoder/internal/controller/analysis/runner.go:157.34,159.3 1 0
github.com/badskater/distributed-encoder/internal/controller/analysis/runner.go:161.2,162.16 2 0
github.com/badskater/distributed-encoder/internal/controller/analysis/runner.go:162.16,164.3 1 0
github.com/badskater/distributed-encoder/internal/controller/analysis/runner.go:167.2,167.51 1 0
github.com/badskater/distributed-encoder/internal/controller/analysis/runner.go:167.51,168.72 1 0
github.com/badskater/distributed-encoder/internal/controller/analysis/runner.go:168.72,170.4 1 0
github.com/badskater/distributed-encoder/internal/controller/analysis/runner.go:173.2,177.17 1 0
github.com/badskater/distributed-encoder/internal/controller/analysis/runner.go:177.17,179.3 1 0
github.com/badskater/distributed-encoder/internal/controller/analysis/runner.go:181.2,187.12 2 0
github.com/badskater/distributed-encoder/internal/controller/analysis/runner.go:201.79,203.51 2 1
github.com/badskater/distributed-encoder/internal/controller/analysis/runner.go:203.51,205.3 1 1
github.com/badskater/distributed-encoder/internal/controller/analysis/runner.go:206.2,206.27 1 1
github.com/badskater/distributed-encoder/internal/controller/analysis/runner.go:206.27,208.3 1 1
github.com/badskater/distributed-encoder/internal/controller/analysis/runner.go:209.2,211.42 2 1
github.com/badskater/distributed-encoder/internal/controller/analysis/runner.go:212.19,213.20 1 1
github.com/badskater/distributed-encoder/internal/controller/analysis/runner.go:214.22,215.18 1 1
github.com/badskater/distributed-encoder/internal/controller/analysis/runner.go:218.2,219.36 2 1
github.com/badskater/distributed-encoder/internal/controller/analysis/runner.go:219.36,221.86 2 1
github.com/badskater/distributed-encoder/internal/controller/analysis/runner.go:221.86,223.4 1 1
github.com/badskater/distributed-encoder/internal/controller/analysis/runner.go:224.3,224.73 1 1
github.com/badskater/distributed-encoder/internal/controller/analysis/runner.go:224.73,226.4 1 1
github.com/badskater/distributed-encoder/internal/controller/analysis/runner.go:229.2,229.37 1 1
github.com/badskater/distributed-encoder/internal/controller/analysis/runner.go:229.37,231.3 1 1
github.com/badskater/distributed-encoder/internal/controller/analysis/runner.go:232.2,233.43 2 1
github.com/badskater/distributed-encoder/internal/controller/analysis/runner.go:233.43,235.3 1 1
github.com/badskater/distributed-encoder/internal/controller/analysis/runner.go:237.2,237.24 1 1
github.com/badskater/distributed-encoder/internal/controller/analysis/runner.go:240.91,244.34 4 1
github.com/badskater/distributed-encoder/internal/controller/analysis/runner.go:244.34,247.3 2 1
github.com/badskater/distributed-encoder/internal/controller/analysis/runner.go:249.2,250.21 2 0
github.com/badskater/distributed-encoder/internal/controller/analysis/runner.go:250.21,253.56 2 0
github.com/badskater/distributed-encoder/internal/controller/analysis/runner.go:253.56,257.76 4 0
github.com/badskater/distributed-encoder/internal/controller/analysis/runner.go:257.76,259.5 1 0
github.com/badskater/distributed-encoder/internal/controller/analysis/runner.go:262.2,262.10 1 0
github.com/badskater/distributed-encoder/internal/controller/analysis/runner.go:277.90,282.16 4 0
github.com/badskater/distributed-encoder/internal/controller/analysis/runner.go:282.16,284.3 1 0
github.com/badskater/distributed-encoder/internal/controller/analysis/runner.go:286.2,289.16 3 0
github.com/badskater/distributed-encoder/internal/controller/analysis/runner.go:289.16,291.3 1 0
github.com/badskater/distributed-encoder/internal/controller/analysis/runner.go:293.2,294.16 2 0
github.com/badskater/distributed-encoder/internal/controller/analysis/runner.go:294.16,296.3 1 0
github.com/badskater/distributed-encoder/internal/controller/analysis/runner.go:297.2,304.17 2 0
github.com/badskater/distributed-encoder/internal/controller/analysis/runner.go:304.17,306.3 1 0
github.com/badskater/distributed-encoder/internal/controller/analysis/runner.go:308.2,310.12 2 0
github.com/badskater/distributed-encoder/internal/controller/analysis/runner.go:315.90,318.16 2 0
github.com/badskater/distributed-encoder/internal/controller/analysis/runner.go:318.16,320.3 1 0
github.com/badskater/distributed-encoder/internal/controller/analysis/runner.go:321.2,338.16 9 0
github.com/badskater/distributed-encoder/internal/controller/analysis/runner.go:338.16,340.3 1 0
github.com/badskater/distributed-encoder/internal/controller/analysis/runner.go:342.2,342.38 1 0
github.com/badskater/distributed-encoder/internal/controller/analysis/runner.go:350.54,355.21 4 1
github.com/badskater/distributed-encoder/internal/controller/analysis/runner.go:355.21,357.40 2 1
github.com/badskater/distributed-encoder/internal/controller/analysis/runner.go:357.40,359.92 1 1
github.com/badskater/distributed-encoder/internal/controller/analysis/runner.go:359.92,361.5 1 1
github.com/badskater/distributed-encoder/internal/controller/analysis/runner.go:362.9,362.59 1 1
github.com/badskater/distributed-encoder/internal/controller/analysis/runner.go:362.59,366.4 3 1
github.com/badskater/distributed-encoder/internal/controller/analysis/runner.go:368.2,368.15 1 1
github.com/badskater/distributed-encoder/internal/controller/analysis/runner.go:377.89,382.16 4 0
github.com/badskater/distributed-encoder/internal/controller/analysis/runner.go:382.16,384.3 1 0
github.com/badskater/distributed-encoder/internal/controller/analysis/runner.go:386.2,391.16 3 0
github.com/badskater/distributed-encoder/internal/controller/analysis/runner.go:391.16,393.3 1 0
github.com/badskater/distributed-encoder/internal/controller/analysis/runner.go:393.8,394.62 1 0
github.com/badskater/distributed-encoder/internal/controller/analysis/runner.go:394.62,400.4 1 0
github.com/badskater/distributed-encoder/internal/controller/analysis/runner.go:404.2,405.16 2 0
github.com/badskater/distributed-encoder/internal/controller/analysis/runner.go:405.16,407.3 1 0
github.com/badskater/distributed-encoder/internal/controller/analysis/runner.go:407.8,416.3 3 0
github.com/badskater/distributed-encoder/internal/controller/analysis/runner.go:418.2,422.12 2 0
github.com/badskater/distributed-encoder/internal/controller/analysis/runner.go:426.93,437.34 5 0
github.com/badskater/distributed-encoder/internal/controller/analysis/runner.go:437.34,439.3 1 0
github.com/badskater/distributed-encoder/internal/controller/analysis/runner.go:440.2,440.28 1 0
github.com/badskater/distributed-encoder/internal/controller/analysis/runner.go:450.108,456.31 4 0
github.com/badskater/distributed-encoder/internal/controller/analysis/runner.go:456.31,458.17 2 0
github.com/badskater/distributed-encoder/internal/controller/analysis/runner.go:458.17,460.4 1 0
github.com/badskater/distributed-encoder/internal/controller/analysis/runner.go:461.3,461.26 1 0
github.com/badskater/distributed-encoder/internal/controller/analysis/runner.go:463.2,464.16 2 0
github.com/badskater/distributed-encoder/internal/controller/analysis/runner.go:464.16,466.3 1 0
github.com/badskater/distributed-encoder/internal/controller/analysis/runner.go:469.2,469.75 1 0
github.com/badskater/distributed-encoder/internal/controller/analysis/runner.go:469.75,471.3 1 0
github.com/badskater/distributed-encoder/internal/controller/analysis/runner.go:474.2,476.36 3 0
github.com/badskater/distributed-encoder/internal/controller/analysis/runner.go:476.36,479.3 2 0
github.com/badskater/distributed-encoder/internal/controller/analysis/runner.go:480.2,480.67 1 0
github.com/badskater/distributed-encoder/internal/controller/analysis/runner.go:480.67,482.3 1 0
github.com/badskater/distributed-encoder/internal/controller/analysis/runner.go:483.2,496.34 6 0
github.com/badskater/distributed-encoder/internal/controller/analysis/runner.go:496.34,498.3 1 0
github.com/badskater/distributed-encoder/internal/controller/analysis/runner.go:501.2,501.56 1 0
github.com/badskater/distributed-encoder/internal/controller/analysis/runner.go:501.56,506.3 1 0
github.com/badskater/distributed-encoder/internal/controller/analysis/runner.go:508.2,508.12 1 0
github.com/badskater/distributed-encoder/internal/controller/analysis/runner.go:529.86,534.16 4 0
github.com/badskater/distributed-encoder/internal/controller/analysis/runner.go:534.16,536.3 1 0
github.com/badskater/distributed-encoder/internal/controller/analysis/runner.go:539.2,540.22 2 0
github.com/badskater/distributed-encoder/internal/controller/analysis/runner.go:540.22,542.3 1 0
github.com/badskater/distributed-encoder/internal/controller/analysis/runner.go:542.8,545.17 2 0
github.com/badskater/distributed-encoder/internal/controller/analysis/runner.go:545.17,547.4 1 0
github.com/badskater/distributed-encoder/internal/controller/analysis/runner.go:550.2,550.55 1 0
github.com/badskater/distributed-encoder/internal/controller/analysis/runner.go:550.55,552.3 1 0
github.com/badskater/distributed-encoder/internal/controller/analysis/runner.go:555.2,556.66 2 0
github.com/badskater/distributed-encoder/internal/controller/analysis/runner.go:556.66,558.3 1 0
github.com/badskater/distributed-encoder/internal/controller/analysis/runner.go:560.2,569.16 6 0
github.com/badskater/distributed-encoder/internal/controller/analysis/runner.go:570.17,571.38 1 0
github.com/badskater/distributed-encoder/internal/controller/analysis/runner.go:572.17,573.57 1 0
github.com/badskater/distributed-encoder/internal/controller/analysis/runner.go:574.16,575.53 1 0
github.com/badskater/distributed-encoder/internal/controller/analysis/runner.go:576.10,577.38 1 0
github.com/badskater/distributed-encoder/internal/controller/analysis/runner.go:579.2,585.34 5 0
github.com/badskater/distributed-encoder/internal/controller/analysis/runner.go:585.34,587.3 1 0
github.com/badskater/distributed-encoder/internal/controller/analysis/runner.go:589.2,591.12 2 0
github.com/badskater/distributed-encoder/internal/db/db.go:183.73,185.16 2 1
github.com/badskater/distributed-encoder/internal/db/db.go:185.16,187.3 1 0
github.com/badskater/distributed-encoder/internal/db/db.go:189.2,190.16 2 1
github.com/badskater/distributed-encoder/internal/db/db.go:190.16,192.3 1 0
github.com/badskater/distributed-encoder/internal/db/db.go:194.2,194.39 1 1
github.com/badskater/distributed-encoder/internal/db/db.go:194.39,197.3 2 1
github.com/badskater/distributed-encoder/internal/db/db.go:199.2,199.40 1 0
github.com/badskater/distributed-encoder/internal/db/migrate.go:15.32,17.16 2 0
github.com/badskater/distributed-encoder/internal/db/migrate.go:17.16,19.3 1 0
github.com/badskater/distributed-encoder/internal/db/migrate.go:21.2,22.16 2 0
github.com/badskater/distributed-encoder/internal/db/migrate.go:22.16,24.3 1 0
github.com/badskater/distributed-encoder/internal/db/migrate.go:26.2,26.61 1 0
github.com/badskater/distributed-encoder/internal/db/migrate.go:26.61,28.3 1 0
github.com/badskater/distributed-encoder/internal/db/migrate.go:30.2,30.12 1 0
github.com/badskater/distributed-encoder/internal/db/migrate.go:34.36,36.16 2 0
github.com/badskater/distributed-encoder/internal/db/migrate.go:36.16,38.3 1 0
github.com/badskater/distributed-encoder/internal/db/migrate.go:40.2,41.16 2 0
github.com/badskater/distributed-encoder/internal/db/migrate.go:41.16,43.3 1 0
github.com/badskater/distributed-encoder/internal/db/migrate.go:45.2,45.63 1 0
github.com/badskater/distributed-encoder/internal/db/migrate.go:45.63,47.3 1 0
github.com/badskater/distributed-encoder/internal/db/migrate.go:49.2,49.12 1 0
github.com/badskater/distributed-encoder/internal/db/queries.go:24.86,31.2 3 1
github.com/badskater/distributed-encoder/internal/db/queries.go:33.90,37.2 2 1
github.com/badskater/distributed-encoder/internal/db/queries.go:39.84,43.2 2 1
github.com/badskater/distributed-encoder/internal/db/queries.go:45.78,49.2 2 1
github.com/badskater/distributed-encoder/internal/db/queries.go:51.67,55.16 3 1
github.com/badskater/distributed-encoder/internal/db/queries.go:55.16,57.3 1 1
github.com/badskater/distributed-encoder/internal/db/queries.go:58.2,60.18 3 1
github.com/badskater/distributed-encoder/internal/db/queries.go:60.18,62.17 2 1
github.com/badskater/distributed-encoder/internal/db/queries.go:62.17,64.4 1 0
github.com/badskater/distributed-encoder/internal/db/queries.go:65.3,65.23 1 1
github.com/badskater/distributed-encoder/internal/db/queries.go:67.2,67.24 1 1
github.com/badskater/distributed-encoder/internal/db/queries.go:70.78,73.16 3 1
github.com/badskater/distributed-encoder/internal/db/queries.go:73.16,75.3 1 1
github.com/badskater/distributed-encoder/internal/db/queries.go:76.2,76.28 1 1
github.com/badskater/distributed-encoder/internal/db/queries.go:76.28,78.3 1 1
github.com/badskater/distributed-encoder/internal/db/queries.go:79.2,79.12 1 1
github.com/badskater/distributed-encoder/internal/db/queries.go:82.68,85.16 3 1
github.com/badskater/distributed-encoder/internal/db/queries.go:85.16,87.3 1 0
github.com/badskater/distributed-encoder/internal/db/queries.go:88.2,88.28 1 1
github.com/badskater/distributed-encoder/internal/db/queries.go:88.28,90.3 1 1
github.com/badskater/distributed-encoder/internal/db/queries.go:91.2,91.12 1 1
github.com/badskater/distributed-encoder/internal/db/queries.go:94.71,97.57 3 1
github.com/badskater/distributed-encoder/internal/db/queries.go:97.57,99.3 1 1
github.com/badskater/distributed-encoder/internal/db/queries.go:100.2,100.15 1 1
github.com/badskater/distributed-encoder/internal/db/queries.go:103.43,110.35 3 1
github.com/badskater/distributed-encoder/internal/db/queries.go:110.35,112.3 1 1
github.com/badskater/distributed-encoder/internal/db/queries.go:113.2,113.16 1 1
github.com/badskater/distributed-encoder/internal/db/queries.go:113.16,115.3 1 1
github.com/badskater/distributed-encoder/internal/db/queries.go:116.2,116.16 1 1
github.com/badskater/distributed-encoder/internal/db/queries.go:123.89,157.2 3 1
github.com/badskater/distributed-encoder/internal/db/queries.go:159.80,167.2 2 1
github.com/badskater/distributed-encoder/internal/db/queries.go:169.84,177.2 2 1
github.com/badskater/distributed-encoder/internal/db/queries.go:179.69,187.16 3 1
github.com/badskater/distributed-encoder/internal/db/queries.go:187.16,189.3 1 1
github.com/badskater/distributed-encoder/internal/db/queries.go:190.2,192.18 3 1
github.com/badskater/distributed-encoder/internal/db/queries.go:192.18,194.17 2 1
github.com/badskater/distributed-encoder/internal/db/queries.go:194.17,196.4 1 0
github.com/badskater/distributed-encoder/internal/db/queries.go:197.3,197.23 1 1
github.com/badskater/distributed-encoder/internal/db/queries.go:199.2,199.24 1 1
github.com/badskater/distributed-encoder/internal/db/queries.go:202.83,205.16 3 1
github.com/badskater/distributed-encoder/internal/db/queries.go:205.16,207.3 1 0
github.com/badskater/distributed-encoder/internal/db/queries.go:208.2,208.28 1 1
github.com/badskater/distributed-encoder/internal/db/queries.go:208.28,210.3 1 1
github.com/badskater/distributed-encoder/internal/db/queries.go:211.2,211.12 1 1
github.com/badskater/distributed-encoder/internal/db/queries.go:214.97,218.16 3 1
github.com/badskater/distributed-encoder/internal/db/queries.go:218.16,220.3 1 0
github.com/badskater/distributed-encoder/internal/db/queries.go:221.2,221.28 1 1
github.com/badskater/distributed-encoder/internal/db/queries.go:221.28,223.3 1 1
github.com/badskater/distributed-encoder/internal/db/queries.go:224.2,224.12 1 1
github.com/badskater/distributed-encoder/internal/db/queries.go:227.78,231.2 3 1
github.com/badskater/distributed-encoder/internal/db/queries.go:233.86,236.16 3 1
github.com/badskater/distributed-encoder/internal/db/queries.go:236.16,238.3 1 0
github.com/badskater/distributed-encoder/internal/db/queries.go:239.2,239.28 1 1
github.com/badskater/distributed-encoder/internal/db/queries.go:239.28,241.3 1 1
github.com/badskater/distributed-encoder/internal/db/queries.go:242.2,242.12 1 1
github.com/badskater/distributed-encoder/internal/db/queries.go:247.96,252.16 3 1
github.com/badskater/distributed-encoder/internal/db/queries.go:252.16,254.3 1 1
github.com/badskater/distributed-encoder/internal/db/queries.go:255.2,255.31 1 1
github.com/badskater/distributed-encoder/internal/db/queries.go:258.45,267.35 3 1
github.com/badskater/distributed-encoder/internal/db/queries.go:267.35,269.3 1 1
github.com/badskater/distributed-encoder/internal/db/queries.go:270.2,270.16 1 1
github.com/badskater/distributed-encoder/internal/db/queries.go:270.16,272.3 1 1
github.com/badskater/distributed-encoder/internal/db/queries.go:273.2,273.16 1 1
github.com/badskater/distributed-encoder/internal/db/queries.go:280.92,288.2 3 1
github.com/badskater/distributed-encoder/internal/db/queries.go:290.82,294.2 2 1
github.com/badskater/distributed-encoder/internal/db/queries.go:296.92,300.2 2 1
github.com/badskater/distributed-encoder/internal/db/queries.go:302.99,304.37 2 1
github.com/badskater/distributed-encoder/internal/db/queries.go:304.37,306.3 1 1
github.com/badskater/distributed-encoder/internal/db/queries.go:308.2,311.19 4 1
github.com/badskater/distributed-encoder/internal/db/queries.go:311.19,314.3 2 1
github.com/badskater/distributed-encoder/internal/db/queries.go:315.2,315.80 1 1
github.com/badskater/distributed-encoder/internal/db/queries.go:315.80,317.3 1 1
github.com/badskater/distributed-encoder/internal/db/queries.go:319.2,324.19 4 1
github.com/badskater/distributed-encoder/internal/db/queries.go:324.19,328.3 3 1
github.com/badskater/distributed-encoder/internal/db/queries.go:329.2,329.20 1 1
github.com/badskater/distributed-encoder/internal/db/queries.go:329.20,330.20 1 0
github.com/badskater/distributed-encoder/internal/db/queries.go:330.20,332.4 1 0
github.com/badskater/distributed-encoder/internal/db/queries.go:332.9,334.4 1 0
github.com/badskater/distributed-encoder/internal/db/queries.go:335.3,336.9 2 0
github.com/badskater/distributed-encoder/internal/db/queries.go:338.2,342.16 4 1
github.com/badskater/distributed-encoder/internal/db/queries.go:342.16,344.3 1 0
github.com/badskater/distributed-encoder/internal/db/queries.go:345.2,348.18 3 1
github.com/badskater/distributed-encoder/internal/db/queries.go:348.18,350.17 2 1
github.com/badskater/distributed-encoder/internal/db/queries.go:350.17,352.4 1 0
github.com/badskater/distributed-encoder/internal/db/queries.go:353.3,353.25 1 1
github.com/badskater/distributed-encoder/internal/db/queries.go:355.2,355.31 1 1
github.com/badskater/distributed-encoder/internal/db/queries.go:358.82,361.16 3 1
github.com/badskater/distributed-encoder/internal/db/queries.go:361.16,363.3 1 0
github.com/badskater/distributed-encoder/internal/db/queries.go:364.2,364.28 1 1
github.com/badskater/distributed-encoder/internal/db/queries.go:364.28,366.3 1 1
github.com/badskater/distributed-encoder/internal/db/queries.go:367.2,367.12 1 1
github.com/badskater/distributed-encoder/internal/db/queries.go:370.89,374.2 3 1
github.com/badskater/distributed-encoder/internal/db/queries.go:376.87,379.16 3 1
github.com/badskater/distributed-encoder/internal/db/queries.go:379.16,381.3 1 0
github.com/badskater/distributed-encoder/internal/db/queries.go:382.2,382.28 1 1
github.com/badskater/distributed-encoder/internal/db/queries.go:382.28,384.3 1 1
github.com/badskater/distributed-encoder/internal/db/queries.go:385.2,385.12 1 1
github.com/badskater/distributed-encoder/internal/db/queries.go:388.70,391.16 3 1
github.com/badskater/distributed-encoder/internal/db/queries.go:391.16,393.3 1 0
github.com/badskater/distributed-encoder/internal/db/queries.go:394.2,394.28 1 1
github.com/badskater/distributed-encoder/internal/db/queries.go:394.28,396.3 1 1
github.com/badskater/distributed-encoder/internal/db/queries.go:397.2,397.12 1 1
github.com/badskater/distributed-encoder/internal/db/queries.go:400.47,409.35 3 1
github.com/badskater/distributed-encoder/internal/db/queries.go:409.35,411.3 1 1
github.com/badskater/distributed-encoder/internal/db/queries.go:412.2,412.16 1 1
github.com/badskater/distributed-encoder/internal/db/queries.go:412.16,414.3 1 1
github.com/badskater/distributed-encoder/internal/db/queries.go:415.2,415.18 1 1
github.com/badskater/distributed-encoder/internal/db/queries.go:422.83,424.16 2 1
github.com/badskater/distributed-encoder/internal/db/queries.go:424.16,426.3 1 0
github.com/badskater/distributed-encoder/internal/db/queries.go:427.2,441.21 3 1
github.com/badskater/distributed-encoder/internal/db/queries.go:444.76,452.2 2 1
github.com/badskater/distributed-encoder/internal/db/queries.go:454.90,456.37 2 1
github.com/badskater/distributed-encoder/internal/db/queries.go:456.37,458.3 1 1
github.com/badskater/distributed-encoder/internal/db/queries.go:460.2,465.20 2 1
github.com/badskater/distributed-encoder/internal/db/queries.go:465.20,469.3 3 1
github.com/badskater/distributed-encoder/internal/db/queries.go:470.2,470.20 1 1
github.com/badskater/distributed-encoder/internal/db/queries.go:470.20,475.3 3 0
github.com/badskater/distributed-encoder/internal/db/queries.go:477.2,478.25 2 1
github.com/badskater/distributed-encoder/internal/db/queries.go:478.25,480.3 1 1
github.com/badskater/distributed-encoder/internal/db/queries.go:481.2,482.80 2 1
github.com/badskater/distributed-encoder/internal/db/queries.go:482.80,484.3 1 1
github.com/badskater/distributed-encoder/internal/db/queries.go:487.2,492.20 3 1
github.com/badskater/distributed-encoder/internal/db/queries.go:492.20,496.3 3 1
github.com/badskater/distributed-encoder/internal/db/queries.go:497.2,497.20 1 1
github.com/badskater/distributed-encoder/internal/db/queries.go:497.20,502.3 3 0
github.com/badskater/distributed-encoder/internal/db/queries.go:503.2,503.20 1 1
github.com/badskater/distributed-encoder/internal/db/queries.go:503.20,507.3 3 0
github.com/badskater/distributed-encoder/internal/db/queries.go:509.2,514.25 2 1
github.com/badskater/distributed-encoder/internal/db/queries.go:514.25,516.3 1 1
github.com/badskater/distributed-encoder/internal/db/queries.go:517.2,521.16 4 1
github.com/badskater/distributed-encoder/internal/db/queries.go:521.16,523.3 1 0
github.com/badskater/distributed-encoder/internal/db/queries.go:524.2,526.18 3 1
github.com/badskater/distributed-encoder/internal/db/queries.go:526.18,528.17 2 1
github.com/badskater/distributed-encoder/internal/db/queries.go:528.17,530.4 1 0
github.com/badskater/distributed-encoder/internal/db/queries.go:531.3,531.23 1 1
github.com/badskater/distributed-encoder/internal/db/queries.go:533.2,533.31 1 1
github.com/badskater/distributed-encoder/internal/db/queries.go:538.80,547.16 3 1
github.com/badskater/distributed-encoder/internal/db/queries.go:547.16,549.3 1 1
github.com/badskater/distributed-encoder/internal/db/queries.go:550.2,552.18 3 1
github.com/badskater/distributed-encoder/internal/db/queries.go:552.18,554.17 2 1
github.com/badskater/distributed-encoder/internal/db/queries.go:554.17,556.4 1 0
github.com/badskater/distributed-encoder/internal/db/queries.go:557.3,557.23 1 1
github.com/badskater/distributed-encoder/internal/db/queries.go:559.2,559.24 1 1
github.com/badskater/distributed-encoder/internal/db/queries.go:562.81,564.16 2 1
github.com/badskater/distributed-encoder/internal/db/queries.go:565.19,566.92 1 1
github.com/badskater/distributed-encoder/internal/db/queries.go:567.16,568.89 1 1
github.com/badskater/distributed-encoder/internal/db/queries.go:569.10,570.70 1 1
github.com/badskater/distributed-encoder/internal/db/queries.go:572.2,573.16 2 1
github.com/badskater/distributed-encoder/internal/db/queries.go:573.16,575.3 1 0
github.com/badskater/distributed-encoder/internal/db/queries.go:576.2,576.28 1 1
github.com/badskater/distributed-encoder/internal/db/queries.go:576.28,578.3 1 1
github.com/badskater/distributed-encoder/internal/db/queries.go:579.2,579.12 1 1
github.com/badskater/distributed-encoder/internal/db/queries.go:584.77,596.2 3 1
github.com/badskater/distributed-encoder/internal/db/queries.go:598.41,607.35 4 1
github.com/badskater/distributed-encoder/internal/db/queries.go:607.35,609.3 1 1
github.com/badskater/distributed-encoder/internal/db/queries.go:610.2,610.16 1 1
github.com/badskater/distributed-encoder/internal/db/queries.go:610.16,612.3 1 1
github.com/badskater/distributed-encoder/internal/db/queries.go:613.2,613.21 1 1
github.com/badskater/distributed-encoder/internal/db/queries.go:613.21,614.65 1 1
github.com/badskater/distributed-encoder/internal/db/queries.go:614.65,616.4 1 0
github.com/badskater/distributed-encoder/internal/db/queries.go:618.2,618.16 1 1
github.com/badskater/distributed-encoder/internal/db/queries.go:622.44,624.26 2 1
github.com/badskater/distributed-encoder/internal/db/queries.go:624.26,625.12 1 1
github.com/badskater/distributed-encoder/internal/db/queries.go:625.12,627.4 1 1
github.com/badskater/distributed-encoder/internal/db/queries.go:628.3,628.14 1 1
github.com/badskater/distributed-encoder/internal/db/queries.go:630.2,630.15 1 1
github.com/badskater/distributed-encoder/internal/db/queries.go:637.86,639.16 2 1
github.com/badskater/distributed-encoder/internal/db/queries.go:639.16,641.3 1 0
github.com/badskater/distributed-encoder/internal/db/queries.go:642.2,654.22 3 1
github.com/badskater/distributed-encoder/internal/db/queries.go:657.78,666.2 2 1
github.com/badskater/distributed-encoder/internal/db/queries.go:668.86,677.16 3 1
github.com/badskater/distributed-encoder/internal/db/queries.go:677.16,679.3 1 1
github.com/badskater/distributed-encoder/internal/db/queries.go:680.2,682.18 3 1
github.com/badskater/distributed-encoder/internal/db/queries.go:682.18,684.17 2 1
github.com/badskater/distributed-encoder/internal/db/queries.go:684.17,686.4 1 0
github.com/badskater/distributed-encoder/internal/db/queries.go:687.3,687.23 1 1
github.com/badskater/distributed-encoder/internal/db/queries.go:689.2,689.24 1 1
github.com/badskater/distributed-encoder/internal/db/queries.go:698.100,733.33 4 1
github.com/badskater/distributed-encoder/internal/db/queries.go:733.33,735.3 1 1
github.com/badskater/distributed-encoder/internal/db/queries.go:736.2,736.15 1 1
github.com/badskater/distributed-encoder/internal/db/queries.go:742.73,746.16 3 0
github.com/badskater/distributed-encoder/internal/db/queries.go:746.16,748.3 1 0
github.com/badskater/distributed-encoder/internal/db/queries.go:749.2,749.28 1 0
github.com/badskater/distributed-encoder/internal/db/queries.go:749.28,751.3 1 0
github.com/badskater/distributed-encoder/internal/db/queries.go:752.2,752.12 1 0
github.com/badskater/distributed-encoder/internal/db/queries.go:755.82,758.16 3 1
github.com/badskater/distributed-encoder/internal/db/queries.go:758.16,760.3 1 0
github.com/badskater/distributed-encoder/internal/db/queries.go:761.2,761.28 1 1
github.com/badskater/distributed-encoder/internal/db/queries.go:761.28,763.3 1 1
github.com/badskater/distributed-encoder/internal/db/queries.go:764.2,764.12 1 1
github.com/badskater/distributed-encoder/internal/db/queries.go:767.85,770.16 3 1
github.com/badskater/distributed-encoder/internal/db/queries.go:770.16,772.3 1 0
github.com/badskater/distributed-encoder/internal/db/queries.go:773.2,773.28 1 1
github.com/badskater/distributed-encoder/internal/db/queries.go:773.28,775.3 1 1
github.com/badskater/distributed-encoder/internal/db/queries.go:776.2,776.12 1 1
github.com/badskater/distributed-encoder/internal/db/queries.go:779.81,800.2 3 1
github.com/badskater/distributed-encoder/internal/db/queries.go:802.95,808.2 3 1
github.com/badskater/distributed-encoder/internal/db/queries.go:810.85,815.2 3 1
github.com/badskater/distributed-encoder/internal/db/queries.go:817.79,820.16 3 1
github.com/badskater/distributed-encoder/internal/db/queries.go:820.16,822.3 1 1
github.com/badskater/distributed-encoder/internal/db/queries.go:823.2,823.12 1 1
github.com/badskater/distributed-encoder/internal/db/queries.go:826.43,837.35 4 1
github.com/badskater/distributed-encoder/internal/db/queries.go:837.35,839.3 1 1
github.com/badskater/distributed-encoder/internal/db/queries.go:840.2,840.16 1 1
github.com/badskater/distributed-encoder/internal/db/queries.go:840.16,842.3 1 1
github.com/badskater/distributed-encoder/internal/db/queries.go:843.2,843.22 1 1
github.com/badskater/distributed-encoder/internal/db/queries.go:843.22,844.63 1 1
github.com/badskater/distributed-encoder/internal/db/queries.go:844.63,846.4 1 0
github.com/badskater/distributed-encoder/internal/db/queries.go:848.2,848.16 1 1
github.com/badskater/distributed-encoder/internal/db/queries.go:855.83,857.23 2 1
github.com/badskater/distributed-encoder/internal/db/queries.go:857.23,860.17 3 1
github.com/badskater/distributed-encoder/internal/db/queries.go:860.17,862.4 1 0
github.com/badskater/distributed-encoder/internal/db/queries.go:864.2,865.23 2 1
github.com/badskater/distributed-encoder/internal/db/queries.go:865.23,867.3 1 0
github.com/badskater/distributed-encoder/internal/db/queries.go:868.2,873.12 3 1
github.com/badskater/distributed-encoder/internal/db/queries.go:876.95,878.38 2 1
github.com/badskater/distributed-encoder/internal/db/queries.go:878.38,880.3 1 1
github.com/badskater/distributed-encoder/internal/db/queries.go:881.2,885.20 4 1
github.com/badskater/distributed-encoder/internal/db/queries.go:885.20,889.3 3 1
github.com/badskater/distributed-encoder/internal/db/queries.go:890.2,890.18 1 1
github.com/badskater/distributed-encoder/internal/db/queries.go:890.18,894.3 3 0
github.com/badskater/distributed-encoder/internal/db/queries.go:895.2,899.16 4 1
github.com/badskater/distributed-encoder/internal/db/queries.go:899.16,901.3 1 1
github.com/badskater/distributed-encoder/internal/db/queries.go:902.2,903.27 2 1
github.com/badskater/distributed-encoder/internal/db/queries.go:906.103,911.16 3 1
github.com/badskater/distributed-encoder/internal/db/queries.go:911.16,913.3 1 1
github.com/badskater/distributed-encoder/internal/db/queries.go:914.2,915.27 2 1
github.com/badskater/distributed-encoder/internal/db/queries.go:918.54,920.18 2 1
github.com/badskater/distributed-encoder/internal/db/queries.go:920.18,926.17 3 1
github.com/badskater/distributed-encoder/internal/db/queries.go:926.17,928.4 1 0
github.com/badskater/distributed-encoder/internal/db/queries.go:929.3,929.23 1 1
github.com/badskater/distributed-encoder/internal/db/queries.go:929.23,930.63 1 1
github.com/badskater/distributed-encoder/internal/db/queries.go:930.63,932.5 1 0
github.com/badskater/distributed-encoder/internal/db/queries.go:934.3,934.24 1 1
github.com/badskater/distributed-encoder/internal/db/queries.go:936.2,936.24 1 1
github.com/badskater/distributed-encoder/internal/db/queries.go:943.98,950.2 3 1
github.com/badskater/distributed-encoder/internal/db/queries.go:952.86,956.2 2 1
github.com/badskater/distributed-encoder/internal/db/queries.go:958.96,963.24 2 1
github.com/badskater/distributed-encoder/internal/db/queries.go:963.24,967.3 1 1
github.com/badskater/distributed-encoder/internal/db/queries.go:967.8,971.3 1 1
github.com/badskater/distributed-encoder/internal/db/queries.go:972.2,972.16 1 1
github.com/badskater/distributed-encoder/internal/db/queries.go:972.16,974.3 1 1
github.com/badskater/distributed-encoder/internal/db/queries.go:975.2,977.18 3 1
github.com/badskater/distributed-encoder/internal/db/queries.go:977.18,979.17 2 1
github.com/badskater/distributed-encoder/internal/db/queries.go:979.17,981.4 1 0
github.com/badskater/distributed-encoder/internal/db/queries.go:982.3,982.23 1 1
github.com/badskater/distributed-encoder/internal/db/queries.go:984.2,984.24 1 1
github.com/badskater/distributed-encoder/internal/db/queries.go:987.85,991.16 3 1
github.com/badskater/distributed-encoder/internal/db/queries.go:991.16,993.3 1 0
github.com/badskater/distributed-encoder/internal/db/queries.go:994.2,994.28 1 1
github.com/badskater/distributed-encoder/internal/db/queries.go:994.28,996.3 1 1
github.com/badskater/distributed-encoder/internal/db/queries.go:997.2,997.12 1 1
github.com/badskater/distributed-encoder/internal/db/queries.go:1000.72,1003.16 3 1
github.com/badskater/distributed-encoder/internal/db/queries.go:1003.16,1005.3 1 0
github.com/badskater/distributed-encoder/internal/db/queries.go:1006.2,1006.28 1 1
github.com/badskater/distributed-encoder/internal/db/queries.go:1006.28,1008.3 1 1
github.com/badskater/distributed-encoder/internal/db/queries.go:1009.2,1009.12 1 1
github.com/badskater/distributed-encoder/internal/db/queries.go:1012.51,1016.35 3 1
github.com/badskater/distributed-encoder/internal/db/queries.go:1016.35,1018.3 1 1
github.com/badskater/distributed-encoder/internal/db/queries.go:1019.2,1019.16 1 1
github.com/badskater/distributed-encoder/internal/db/queries.go:1019.16,1021.3 1 1
github.com/badskater/distributed-encoder/internal/db/queries.go:1022.2,1022.16 1 1
github.com/badskater/distributed-encoder/internal/db/queries.go:1029.98,1041.2 3 1
github.com/badskater/distributed-encoder/internal/db/queries.go:1043.90,1047.2 2 1
github.com/badskater/distributed-encoder/internal/db/queries.go:1049.92,1054.20 2 1
github.com/badskater/distributed-encoder/internal/db/queries.go:1054.20,1058.3 1 1
github.com/badskater/distributed-encoder/internal/db/queries.go:1058.8,1062.3 1 1
github.com/badskater/distributed-encoder/internal/db/queries.go:1063.2,1063.16 1 1
github.com/badskater/distributed-encoder/internal/db/queries.go:1063.16,1065.3 1 1
github.com/badskater/distributed-encoder/internal/db/queries.go:1066.2,1068.18 3 1
github.com/badskater/distributed-encoder/internal/db/queries.go:1068.18,1070.17 2 1
github.com/badskater/distributed-encoder/internal/db/queries.go:1070.17,1072.4 1 0
github.com/badskater/distributed-encoder/internal/db/queries.go:1073.3,1073.23 1 1
github.com/badskater/distributed-encoder/internal/db/queries.go:1075.2,1075.24 1 1
github.com/badskater/distributed-encoder/internal/db/queries.go:1078.72,1081.16 3 1
github.com/badskater/distributed-encoder/internal/db/queries.go:1081.16,1083.3 1 0
github.com/badskater/distributed-encoder/internal/db/queries.go:1084.2,1084.28 1 1
github.com/badskater/distributed-encoder/internal/db/queries.go:1084.28,1086.3 1 1
github.com/badskater/distributed-encoder/internal/db/queries.go:1087.2,1087.12 1 1
github.com/badskater/distributed-encoder/internal/db/queries.go:1090.51,1094.35 3 1
github.com/badskater/distributed-encoder/internal/db/queries.go:1094.35,1096.3 1 1
github.com/badskater/distributed-encoder/internal/db/queries.go:1097.2,1097.16 1 1
github.com/badskater/distributed-encoder/internal/db/queries.go:1097.16,1099.3 1 1
github.com/badskater/distributed-encoder/internal/db/queries.go:1100.2,1100.16 1 1
github.com/badskater/distributed-encoder/internal/db/queries.go:1107.95,1114.2 3 1
github.com/badskater/distributed-encoder/internal/db/queries.go:1116.84,1120.2 2 1
github.com/badskater/distributed-encoder/internal/db/queries.go:1122.94,1126.16 3 1
github.com/badskater/distributed-encoder/internal/db/queries.go:1126.16,1128.3 1 1
github.com/badskater/distributed-encoder/internal/db/queries.go:1129.2,1130.27 2 1
github.com/badskater/distributed-encoder/internal/db/queries.go:1133.73,1137.16 3 1
github.com/badskater/distributed-encoder/internal/db/queries.go:1137.16,1139.3 1 1
github.com/badskater/distributed-encoder/internal/db/queries.go:1140.2,1141.27 2 1
github.com/badskater/distributed-encoder/internal/db/queries.go:1144.83,1148.16 3 1
github.com/badskater/distributed-encoder/internal/db/queries.go:1148.16,1150.3 1 0
github.com/badskater/distributed-encoder/internal/db/queries.go:1151.2,1151.28 1 1
github.com/badskater/distributed-encoder/internal/db/queries.go:1151.28,1153.3 1 1
github.com/badskater/distributed-encoder/internal/db/queries.go:1154.2,1154.12 1 1
github.com/badskater/distributed-encoder/internal/db/queries.go:1157.71,1160.16 3 1
github.com/badskater/distributed-encoder/internal/db/queries.go:1160.16,1162.3 1 0
github.com/badskater/distributed-encoder/internal/db/queries.go:1163.2,1163.28 1 1
github.com/badskater/distributed-encoder/internal/db/queries.go:1163.28,1165.3 1 1
github.com/badskater/distributed-encoder/internal/db/queries.go:1166.2,1166.12 1 1
github.com/badskater/distributed-encoder/internal/db/queries.go:1169.99,1178.2 3 1
github.com/badskater/distributed-encoder/internal/db/queries.go:1180.127,1181.31 1 1
github.com/badskater/distributed-encoder/internal/db/queries.go:1181.31,1183.3 1 0
github.com/badskater/distributed-encoder/internal/db/queries.go:1184.2,1188.16 3 1
github.com/badskater/distributed-encoder/internal/db/queries.go:1188.16,1190.3 1 1
github.com/badskater/distributed-encoder/internal/db/queries.go:1191.2,1193.18 3 1
github.com/badskater/distributed-encoder/internal/db/queries.go:1193.18,1198.17 2 1
github.com/badskater/distributed-encoder/internal/db/queries.go:1198.17,1200.4 1 0
github.com/badskater/distributed-encoder/internal/db/queries.go:1201.3,1201.24 1 1
github.com/badskater/distributed-encoder/internal/db/queries.go:1203.2,1203.24 1 1
github.com/badskater/distributed-encoder/internal/db/queries.go:1206.49,1210.35 3 1
github.com/badskater/distributed-encoder/internal/db/queries.go:1210.35,1212.3 1 1
github.com/badskater/distributed-encoder/internal/db/queries.go:1213.2,1213.16 1 1
github.com/badskater/distributed-encoder/internal/db/queries.go:1213.16,1215.3 1 1
github.com/badskater/distributed-encoder/internal/db/queries.go:1216.2,1216.16 1 1
github.com/badskater/distributed-encoder/internal/db/queries.go:1219.54,1221.18 2 1
github.com/badskater/distributed-encoder/internal/db/queries.go:1221.18,1223.17 2 1
github.com/badskater/distributed-encoder/internal/db/queries.go:1223.17,1225.4 1 0
github.com/badskater/distributed-encoder/internal/db/queries.go:1226.3,1226.23 1 1
github.com/badskater/distributed-encoder/internal/db/queries.go:1228.2,1228.24 1 1
github.com/badskater/distributed-encoder/internal/db/queries.go:1235.116,1246.2 3 1
github.com/badskater/distributed-encoder/internal/db/queries.go:1248.114,1252.2 2 1
github.com/badskater/distributed-encoder/internal/db/queries.go:1254.104,1258.16 3 1
github.com/badskater/distributed-encoder/internal/db/queries.go:1258.16,1260.3 1 1
github.com/badskater/distributed-encoder/internal/db/queries.go:1261.2,1263.18 3 1
github.com/badskater/distributed-encoder/internal/db/queries.go:1263.18,1265.17 2 1
github.com/badskater/distributed-encoder/internal/db/queries.go:1265.17,1267.4 1 0
github.com/badskater/distributed-encoder/internal/db/queries.go:1268.3,1268.23 1 1
github.com/badskater/distributed-encoder/internal/db/queries.go:1270.2,1270.24 1 1
github.com/badskater/distributed-encoder/internal/db/queries.go:1273.63,1276.35 3 1
github.com/badskater/distributed-encoder/internal/db/queries.go:1276.35,1278.3 1 1
github.com/badskater/distributed-encoder/internal/db/queries.go:1279.2,1279.16 1 1
github.com/badskater/distributed-encoder/internal/db/queries.go:1279.16,1281.3 1 1
github.com/badskater/distributed-encoder/internal/db/queries.go:1282.2,1282.16 1 1
github.com/badskater/distributed-encoder/internal/db/queries.go:1289.95,1295.2 3 1
github.com/badskater/distributed-encoder/internal/db/queries.go:1297.90,1301.2 2 1
github.com/badskater/distributed-encoder/internal/db/queries.go:1303.74,1307.2 3 1
github.com/badskater/distributed-encoder/internal/db/queries.go:1309.67,1313.2 3 1
github.com/badskater/distributed-encoder/internal/db/queries.go:1315.49,1318.35 3 1
github.com/badskater/distributed-encoder/internal/db/queries.go:1318.35,1320.3 1 1
github.com/badskater/distributed-encoder/internal/db/queries.go:1321.2,1321.16 1 1
github.com/badskater/distributed-encoder/internal/db/queries.go:1321.16,1323.3 1 1
github.com/badskater/distributed-encoder/internal/db/queries.go:1324.2,1324.19 1 1
github.com/badskater/distributed-encoder/internal/db/queries.go:1331.119,1338.2 3 1
github.com/badskater/distributed-encoder/internal/db/queries.go:1340.99,1345.2 2 1
github.com/badskater/distributed-encoder/internal/db/queries.go:1347.101,1352.16 3 1
github.com/badskater/distributed-encoder/internal/db/queries.go:1352.16,1354.3 1 0
github.com/badskater/distributed-encoder/internal/db/queries.go:1355.2,1355.28 1 1
github.com/badskater/distributed-encoder/internal/db/queries.go:1355.28,1357.3 1 1
github.com/badskater/distributed-encoder/internal/db/queries.go:1358.2,1358.12 1 1
github.com/badskater/distributed-encoder/internal/db/queries.go:1361.89,1365.16 3 1
github.com/badskater/distributed-encoder/internal/db/queries.go:1365.16,1367.3 1 1
github.com/badskater/distributed-encoder/internal/db/queries.go:1368.2,1370.18 3 1
github.com/badskater/distributed-encoder/internal/db/queries.go:1370.18,1372.17 2 1
github.com/badskater/distributed-encoder/internal/db/queries.go:1372.17,1374.4 1 0
github.com/badskater/distributed-encoder/internal/db/queries.go:1375.3,1375.23 1 1
github.com/badskater/distributed-encoder/internal/db/queries.go:1377.2,1377.24 1 1
github.com/badskater/distributed-encoder/internal/db/queries.go:1380.79,1383.16 3 1
github.com/badskater/distributed-encoder/internal/db/queries.go:1383.16,1385.3 1 0
github.com/badskater/distributed-encoder/internal/db/queries.go:1386.2,1386.28 1 1
github.com/badskater/distributed-encoder/internal/db/queries.go:1386.28,1388.3 1 1
github.com/badskater/distributed-encoder/internal/db/queries.go:1389.2,1389.12 1 1
github.com/badskater/distributed-encoder/internal/db/queries.go:1392.75,1396.2 3 1
github.com/badskater/distributed-encoder/internal/db/queries.go:1398.65,1405.35 3 1
github.com/badskater/distributed-encoder/internal/db/queries.go:1405.35,1407.3 1 1
github.com/badskater/distributed-encoder/internal/db/queries.go:1408.2,1408.16 1 1
github.com/badskater/distributed-encoder/internal/db/queries.go:1408.16,1410.3 1 1
github.com/badskater/distributed-encoder/internal/db/queries.go:1411.2,1411.16 1 1
github.com/badskater/distributed-encoder/internal/db/queries.go:1420.83,1439.2 3 1
github.com/badskater/distributed-encoder/internal/db/queries.go:1442.93,1444.38 2 1
github.com/badskater/distributed-encoder/internal/db/queries.go:1444.38,1446.3 1 1
github.com/badskater/distributed-encoder/internal/db/queries.go:1447.2,1451.20 4 1
github.com/badskater/distributed-encoder/internal/db/queries.go:1451.20,1455.3 3 1
github.com/badskater/distributed-encoder/internal/db/queries.go:1456.2,1456.18 1 1
github.com/badskater/distributed-encoder/internal/db/queries.go:1456.18,1460.3 3 0
github.com/badskater/distributed-encoder/internal/db/queries.go:1461.2,1465.16 4 1
github.com/badskater/distributed-encoder/internal/db/queries.go:1465.16,1467.3 1 1
github.com/badskater/distributed-encoder/internal/db/queries.go:1468.2,1469.27 2 1
github.com/badskater/distributed-encoder/internal/db/queries.go:1473.84,1477.2 3 1
github.com/badskater/distributed-encoder/internal/db/queries.go:1481.51,1483.2 1 1
github.com/badskater/distributed-encoder/internal/db/queries.go:1489.107,1495.2 2 1
github.com/badskater/distributed-encoder/internal/db/queries.go:1497.92,1501.2 2 1
github.com/badskater/distributed-encoder/internal/db/queries.go:1503.81,1507.16 3 1
github.com/badskater/distributed-encoder/internal/db/queries.go:1507.16,1509.3 1 1
github.com/badskater/distributed-encoder/internal/db/queries.go:1510.2,1512.18 3 1
github.com/badskater/distributed-encoder/internal/db/queries.go:1512.18,1514.17 2 1
github.com/badskater/distributed-encoder/internal/db/queries.go:1514.17,1516.4 1 0
github.com/badskater/distributed-encoder/internal/db/queries.go:1517.3,1517.23 1 1
github.com/badskater/distributed-encoder/internal/db/queries.go:1519.2,1519.24 1 1
github.com/badskater/distributed-encoder/internal/db/queries.go:1522.107,1528.2 2 1
github.com/badskater/distributed-encoder/internal/db/queries.go:1530.75,1533.16 3 1
github.com/badskater/distributed-encoder/internal/db/queries.go:1533.16,1535.3 1 0
github.com/badskater/distributed-encoder/internal/db/queries.go:1536.2,1536.28 1 1
github.com/badskater/distributed-encoder/internal/db/queries.go:1536.28,1538.3 1 1
github.com/badskater/distributed-encoder/internal/db/queries.go:1539.2,1539.12 1 1
github.com/badskater/distributed-encoder/internal/db/queries.go:1542.57,1548.35 3 1
github.com/badskater/distributed-encoder/internal/db/queries.go:1548.35,1550.3 1 1
github.com/badskater/distributed-encoder/internal/db/queries.go:1551.2,1551.16 1 1
github.com/badskater/distributed-encoder/internal/db/queries.go:1551.16,1553.3 1 1
github.com/badskater/distributed-encoder/internal/db/queries.go:1554.2,1554.16 1 1
github.com/badskater/distributed-encoder/internal/db/queries.go:1561.89,1566.2 3 1
github.com/badskater/distributed-encoder/internal/db/queries.go:1568.100,1571.66 3 1
github.com/badskater/distributed-encoder/internal/db/queries.go:1571.66,1573.3 1 1
github.com/badskater/distributed-encoder/internal/db/queries.go:1574.2,1577.16 3 1
github.com/badskater/distributed-encoder/internal/db/queries.go:1577.16,1579.3 1 1
github.com/badskater/distributed-encoder/internal/db/queries.go:1580.2,1582.18 3 1
github.com/badskater/distributed-encoder/internal/db/queries.go:1582.18,1587.17 2 1
github.com/badskater/distributed-encoder/internal/db/queries.go:1587.17,1589.4 1 0
github.com/badskater/distributed-encoder/internal/db/queries.go:1590.3,1590.32 1 1
github.com/badskater/distributed-encoder/internal/db/queries.go:1592.2,1592.35 1 1
github.com/badskater/distributed-encoder/internal/db/queries.go:1599.91,1604.2 3 1
github.com/badskater/distributed-encoder/internal/db/queries.go:1606.114,1612.16 3 1
github.com/badskater/distributed-encoder/internal/db/queries.go:1612.16,1614.3 1 1
github.com/badskater/distributed-encoder/internal/db/queries.go:1615.2,1617.18 3 1
github.com/badskater/distributed-encoder/internal/db/queries.go:1617.18,1619.102 2 1
github.com/badskater/distributed-encoder/internal/db/queries.go:1619.102,1621.4 1 0
github.com/badskater/distributed-encoder/internal/db/queries.go:1622.3,1622.24 1 1
github.com/badskater/distributed-encoder/internal/db/queries.go:1624.2,1624.24 1 1
github.com/badskater/distributed-encoder/internal/db/queries.go:1631.98,1638.2 3 1
github.com/badskater/distributed-encoder/internal/db/queries.go:1640.86,1644.2 2 1
github.com/badskater/distributed-encoder/internal/db/queries.go:1646.75,1650.16 3 1
github.com/badskater/distributed-encoder/internal/db/queries.go:1650.16,1652.3 1 1
github.com/badskater/distributed-encoder/internal/db/queries.go:1653.2,1655.18 3 1
github.com/badskater/distributed-encoder/internal/db/queries.go:1655.18,1657.17 2 1
github.com/badskater/distributed-encoder/internal/db/queries.go:1657.17,1659.4 1 0
github.com/badskater/distributed-encoder/internal/db/queries.go:1660.3,1660.24 1 1
github.com/badskater/distributed-encoder/internal/db/queries.go:1662.2,1662.24 1 1
github.com/badskater/distributed-encoder/internal/db/queries.go:1665.98,1673.16 4 1
github.com/badskater/distributed-encoder/internal/db/queries.go:1673.16,1674.34 1 1
github.com/badskater/distributed-encoder/internal/db/queries.go:1674.34,1676.4 1 1
github.com/badskater/distributed-encoder/internal/db/queries.go:1677.3,1677.18 1 0
github.com/badskater/distributed-encoder/internal/db/queries.go:1679.2,1679.16 1 1
github.com/badskater/distributed-encoder/internal/db/queries.go:1682.72,1685.16 3 1
github.com/badskater/distributed-encoder/internal/db/queries.go:1685.16,1687.3 1 0
github.com/badskater/distributed-encoder/internal/db/queries.go:1688.2,1688.28 1 1
github.com/badskater/distributed-encoder/internal/db/queries.go:1688.28,1690.3 1 1
github.com/badskater/distributed-encoder/internal/db/queries.go:1691.2,1691.12 1 1
github.com/badskater/distributed-encoder/internal/db/queries.go:1695.78,1701.16 3 1
github.com/badskater/distributed-encoder/internal/db/queries.go:1701.16,1703.3 1 1
github.com/badskater/distributed-encoder/internal/db/queries.go:1704.2,1706.18 3 1
github.com/badskater/distributed-encoder/internal/db/queries.go:1706.18,1708.17 2 1
github.com/badskater/distributed-encoder/internal/db/queries.go:1708.17,1710.4 1 0
github.com/badskater/distributed-encoder/internal/db/queries.go:1711.3,1711.24 1 1
github.com/badskater/distributed-encoder/internal/db/queries.go:1713.2,1713.24 1 1
github.com/badskater/distributed-encoder/internal/db/queries.go:1717.87,1720.16 3 1
github.com/badskater/distributed-encoder/internal/db/queries.go:1720.16,1722.3 1 1
github.com/badskater/distributed-encoder/internal/db/queries.go:1723.2,1723.28 1 1
github.com/badskater/distributed-encoder/internal/db/queries.go:1723.28,1725.3 1 1
github.com/badskater/distributed-encoder/internal/db/queries.go:1726.2,1726.12 1 1
github.com/badskater/distributed-encoder/internal/db/queries.go:1736.96,1750.16 5 0
github.com/badskater/distributed-encoder/internal/db/queries.go:1750.16,1752.3 1 0
github.com/badskater/distributed-encoder/internal/db/queries.go:1753.2,1753.27 1 0
github.com/badskater/distributed-encoder/internal/db/queries.go:1756.51,1763.35 4 1
github.com/badskater/distributed-encoder/internal/db/queries.go:1763.35,1765.3 1 1
github.com/badskater/distributed-encoder/internal/db/queries.go:1766.2,1766.16 1 1
github.com/badskater/distributed-encoder/internal/db/queries.go:1766.16,1768.3 1 1
github.com/badskater/distributed-encoder/internal/db/queries.go:1769.2,1770.17 2 1
github.com/badskater/distributed-encoder/internal/db/queries.go:1777.92,1784.2 3 0
github.com/badskater/distributed-encoder/internal/db/queries.go:1788.89,1795.2 2 0
github.com/badskater/distributed-encoder/internal/db/queries.go:1797.92,1804.16 3 0
github.com/badskater/distributed-encoder/internal/db/queries.go:1804.16,1806.3 1 0
github.com/badskater/distributed-encoder/internal/db/queries.go:1807.2,1809.18 3 0
github.com/badskater/distributed-encoder/internal/db/queries.go:1809.18,1811.17 2 0
github.com/badskater/distributed-encoder/internal/db/queries.go:1811.17,1813.4 1 0
github.com/badskater/distributed-encoder/internal/db/queries.go:1814.3,1814.23 1 0
github.com/badskater/distributed-encoder/internal/db/queries.go:1816.2,1816.24 1 0
github.com/badskater/distributed-encoder/internal/db/queries.go:1819.70,1822.16 3 0
github.com/badskater/distributed-encoder/internal/db/queries.go:1822.16,1824.3 1 0
github.com/badskater/distributed-encoder/internal/db/queries.go:1825.2,1825.28 1 0
github.com/badskater/distributed-encoder/internal/db/queries.go:1825.28,1827.3 1 0
github.com/badskater/distributed-encoder/internal/db/queries.go:1828.2,1828.12 1 0
github.com/badskater/distributed-encoder/internal/db/queries.go:1837.104,1842.2 2 0
github.com/badskater/distributed-encoder/internal/db/queries.go:1845.103,1861.16 3 0
github.com/badskater/distributed-encoder/internal/db/queries.go:1861.16,1863.3 1 0
github.com/badskater/distributed-encoder/internal/db/queries.go:1864.2,1864.12 1 0
github.com/badskater/distributed-encoder/internal/db/queries.go:1867.69,1875.35 3 0
github.com/badskater/distributed-encoder/internal/db/queries.go:1875.35,1877.3 1 0
github.com/badskater/distributed-encoder/internal/db/queries.go:1878.2,1878.16 1 0
github.com/badskater/distributed-encoder/internal/db/queries.go:1878.16,1880.3 1 0
github.com/badskater/distributed-encoder/internal/db/queries.go:1881.2,1881.17 1 0
github.com/badskater/distributed-encoder/internal/db/queries.go:1890.103,1893.16 3 0
github.com/badskater/distributed-encoder/internal/db/queries.go:1893.16,1895.3 1 0
github.com/badskater/distributed-encoder/internal/db/queries.go:1896.2,1896.28 1 0
github.com/badskater/distributed-encoder/internal/db/queries.go:1896.28,1898.3 1 0
github.com/badskater/distributed-encoder/internal/db/queries.go:1899.2,1899.12 1 0
github.com/badskater/distributed-encoder/internal/db/queries.go:1902.78,1905.16 3 0
github.com/badskater/distributed-encoder/internal/db/queries.go:1905.16,1907.3 1 0
github.com/badskater/distributed-encoder/internal/db/queries.go:1908.2,1908.12 1 0
github.com/badskater/distributed-encoder/internal/db/queries.go:1911.47,1914.35 3 0
github.com/badskater/distributed-encoder/internal/db/queries.go:1914.35,1916.3 1 0
github.com/badskater/distributed-encoder/internal/db/queries.go:1917.2,1917.16 1 0
github.com/badskater/distributed-encoder/internal/db/queries.go:1917.16,1919.3 1 0
github.com/badskater/distributed-encoder/internal/db/queries.go:1920.2,1920.16 1 0
github.com/badskater/distributed-encoder/internal/db/queries.go:1924.89,1926.2 1 0
github.com/badskater/distributed-encoder/internal/db/queries.go:1936.107,1939.27 2 0
github.com/badskater/distributed-encoder/internal/db/queries.go:1939.27,1941.3 1 0
github.com/badskater/distributed-encoder/internal/db/queries.go:1943.2,1959.16 4 0
github.com/badskater/distributed-encoder/internal/db/queries.go:1959.16,1961.3 1 0
github.com/badskater/distributed-encoder/internal/db/queries.go:1962.2,1962.15 1 0
github.com/badskater/distributed-encoder/internal/db/teststore/stub.go:38.90,38.109 1 0
github.com/badskater/distributed-encoder/internal/db/teststore/stub.go:39.90,39.109 1 0
github.com/badskater/distributed-encoder/internal/db/teststore/stub.go:40.90,40.109 1 0
github.com/badskater/distributed-encoder/internal/db/teststore/stub.go:41.90,41.109 1 0
github.com/badskater/distributed-encoder/internal/db/teststore/stub.go:42.90,42.109 1 0
github.com/badskater/distributed-encoder/internal/db/teststore/stub.go:43.90,43.104 1 0
github.com/badskater/distributed-encoder/internal/db/teststore/stub.go:44.90,44.104 1 0
github.com/badskater/distributed-encoder/internal/db/teststore/stub.go:45.90,45.107 1 0
github.com/badskater/distributed-encoder/internal/db/teststore/stub.go:48.100,48.119 1 0
github.com/badskater/distributed-encoder/internal/db/teststore/stub.go:49.100,49.119 1 0
github.com/badskater/distributed-encoder/internal/db/teststore/stub.go:50.100,50.119 1 0
github.com/badskater/distributed-encoder/internal/db/teststore/stub.go:51.100,51.119 1 0
github.com/badskater/distributed-encoder/internal/db/teststore/stub.go:52.100,52.114 1 0
github.com/badskater/distributed-encoder/internal/db/teststore/stub.go:53.100,53.114 1 0
github.com/badskater/distributed-encoder/internal/db/teststore/stub.go:54.100,54.114 1 0
github.com/badskater/distributed-encoder/internal/db/teststore/stub.go:55.100,55.114 1 0
github.com/badskater/distributed-encoder/internal/db/teststore/stub.go:56.100,56.117 1 0
github.com/badskater/distributed-encoder/internal/db/teststore/stub.go:57.100,57.114 1 0
github.com/badskater/distributed-encoder/internal/db/teststore/stub.go:58.100,58.114 1 0
github.com/badskater/distributed-encoder/internal/db/teststore/stub.go:61.101,61.120 1 0
github.com/badskater/distributed-encoder/internal/db/teststore/stub.go:62.101,62.120 1 0
github.com/badskater/distributed-encoder/internal/db/teststore/stub.go:63.101,63.120 1 0
github.com/badskater/distributed-encoder/internal/db/teststore/stub.go:64.101,64.123 1 0
github.com/badskater/distributed-encoder/internal/db/teststore/stub.go:65.101,65.115 1 0
github.com/badskater/distributed-encoder/internal/db/teststore/stub.go:66.101,66.115 1 0
github.com/badskater/distributed-encoder/internal/db/teststore/stub.go:67.101,67.115 1 0
github.com/badskater/distributed-encoder/internal/db/teststore/stub.go:68.101,68.115 1 0
github.com/badskater/distributed-encoder/internal/db/teststore/stub.go:71.91,71.110 1 0
github.com/badskater/distributed-encoder/internal/db/teststore/stub.go:72.91,72.110 1 0
github.com/badskater/distributed-encoder/internal/db/teststore/stub.go:73.91,73.113 1 0
github.com/badskater/distributed-encoder/internal/db/teststore/stub.go:74.91,74.105 1 0
github.com/badskater/distributed-encoder/internal/db/teststore/stub.go:75.91,75.105 1 0
github.com/badskater/distributed-encoder/internal/db/teststore/stub.go:76.91,76.110 1 0
github.com/badskater/distributed-encoder/internal/db/teststore/stub.go:79.90,79.109 1 0
github.com/badskater/distributed-encoder/internal/db/teststore/stub.go:80.90,80.109 1 0
github.com/badskater/distributed-encoder/internal/db/teststore/stub.go:81.90,81.109 1 0
github.com/badskater/distributed-encoder/internal/db/teststore/stub.go:82.90,82.109 1 0
github.com/badskater/distributed-encoder/internal/db/teststore/stub.go:83.90,83.104 1 0
github.com/badskater/distributed-encoder/internal/db/teststore/stub.go:84.90,84.104 1 0
github.com/badskater/distributed-encoder/internal/db/teststore/stub.go:85.90,85.104 1 0
github.com/badskater/distributed-encoder/internal/db/teststore/stub.go:86.90,86.104 1 0
github.com/badskater/distributed-encoder/internal/db/teststore/stub.go:87.90,87.104 1 0
github.com/badskater/distributed-encoder/internal/db/teststore/stub.go:88.90,88.104 1 0
github.com/badskater/distributed-encoder/internal/db/teststore/stub.go:89.90,89.104 1 0
github.com/badskater/distributed-encoder/internal/db/teststore/stub.go:90.90,90.109 1 0
github.com/badskater/distributed-encoder/internal/db/teststore/stub.go:93.98,93.112 1 0
github.com/badskater/distributed-encoder/internal/db/teststore/stub.go:94.98,94.117 1 0
github.com/badskater/distributed-encoder/internal/db/teststore/stub.go:95.98,95.117 1 0
github.com/badskater/distributed-encoder/internal/db/teststore/stub.go:98.96,98.115 1 0
github.com/badskater/distributed-encoder/internal/db/teststore/stub.go:99.96,99.115 1 0
github.com/badskater/distributed-encoder/internal/db/teststore/stub.go:100.96,100.115 1 0
github.com/badskater/distributed-encoder/internal/db/teststore/stub.go:101.96,101.110 1 0
github.com/badskater/distributed-encoder/internal/db/teststore/stub.go:102.96,102.110 1 0
github.com/badskater/distributed-encoder/internal/db/teststore/stub.go:105.96,105.115 1 0
github.com/badskater/distributed-encoder/internal/db/teststore/stub.go:106.96,106.115 1 0
github.com/badskater/distributed-encoder/internal/db/teststore/stub.go:107.96,107.115 1 0
github.com/badskater/distributed-encoder/internal/db/teststore/stub.go:108.96,108.110 1 0
github.com/badskater/distributed-encoder/internal/db/teststore/stub.go:111.102,111.121 1 0
github.com/badskater/distributed-encoder/internal/db/teststore/stub.go:112.102,112.121 1 0
github.com/badskater/distributed-encoder/internal/db/teststore/stub.go:113.102,113.121 1 0
github.com/badskater/distributed-encoder/internal/db/teststore/stub.go:114.102,114.121 1 0
github.com/badskater/distributed-encoder/internal/db/teststore/stub.go:115.102,115.116 1 0
github.com/badskater/distributed-encoder/internal/db/teststore/stub.go:116.102,116.116 1 0
github.com/badskater/distributed-encoder/internal/db/teststore/stub.go:117.102,117.116 1 0
github.com/badskater/distributed-encoder/internal/db/teststore/stub.go:118.105,118.124 1 0
github.com/badskater/distributed-encoder/internal/db/teststore/stub.go:121.114,121.133 1 0
github.com/badskater/distributed-encoder/internal/db/teststore/stub.go:122.114,122.133 1 0
github.com/badskater/distributed-encoder/internal/db/teststore/stub.go:123.114,123.133 1 0
github.com/badskater/distributed-encoder/internal/db/teststore/stub.go:126.105,126.124 1 0
github.com/badskater/distributed-encoder/internal/db/teststore/stub.go:127.105,127.124 1 0
github.com/badskater/distributed-encoder/internal/db/teststore/stub.go:128.105,128.124 1 0
github.com/badskater/distributed-encoder/internal/db/teststore/stub.go:129.105,129.124 1 0
github.com/badskater/distributed-encoder/internal/db/teststore/stub.go:130.105,130.119 1 0
github.com/badskater/distributed-encoder/internal/db/teststore/stub.go:133.93,133.112 1 0
github.com/badskater/distributed-encoder/internal/db/teststore/stub.go:134.93,134.112 1 0
github.com/badskater/distributed-encoder/internal/db/teststore/stub.go:135.93,135.107 1 0
github.com/badskater/distributed-encoder/internal/db/teststore/stub.go:136.93,136.107 1 0
github.com/badskater/distributed-encoder/internal/db/teststore/stub.go:139.117,139.136 1 0
github.com/badskater/distributed-encoder/internal/db/teststore/stub.go:140.117,140.136 1 0
github.com/badskater/distributed-encoder/internal/db/teststore/stub.go:141.117,141.131 1 0
github.com/badskater/distributed-encoder/internal/db/teststore/stub.go:142.117,142.136 1 0
github.com/badskater/distributed-encoder/internal/db/teststore/stub.go:143.117,143.131 1 0
github.com/badskater/distributed-encoder/internal/db/teststore/stub.go:144.117,144.131 1 0
github.com/badskater/distributed-encoder/internal/db/teststore/stub.go:147.95,147.109 1 0
github.com/badskater/distributed-encoder/internal/db/teststore/stub.go:148.95,148.114 1 0
github.com/badskater/distributed-encoder/internal/db/teststore/stub.go:149.95,149.109 1 0
github.com/badskater/distributed-encoder/internal/db/teststore/stub.go:152.98,152.112 1 0
github.com/badskater/distributed-encoder/internal/db/teststore/stub.go:153.98,153.120 1 0
github.com/badskater/distributed-encoder/internal/db/teststore/stub.go:156.105,156.119 1 0
github.com/badskater/distributed-encoder/internal/db/teststore/stub.go:157.105,157.124 1 0
github.com/badskater/distributed-encoder/internal/db/teststore/stub.go:160.91,160.110 1 0
github.com/badskater/distributed-encoder/internal/db/teststore/stub.go:161.91,161.110 1 0
github.com/badskater/distributed-encoder/internal/db/teststore/stub.go:162.91,162.110 1 0
github.com/badskater/distributed-encoder/internal/db/teststore/stub.go:163.91,163.105 1 0
github.com/badskater/distributed-encoder/internal/db/teststore/stub.go:164.91,164.105 1 0
github.com/badskater/distributed-encoder/internal/db/teststore/stub.go:167.101,167.120 1 0
github.com/badskater/distributed-encoder/internal/db/teststore/stub.go:168.101,168.115 1 0
github.com/badskater/distributed-encoder/internal/db/teststore/stub.go:171.99,171.118 1 0
github.com/badskater/distributed-encoder/internal/db/teststore/stub.go:172.99,172.118 1 0
github.com/badskater/distributed-encoder/internal/db/teststore/stub.go:173.99,173.118 1 0
github.com/badskater/distributed-encoder/internal/db/teststore/stub.go:174.99,174.118 1 0
github.com/badskater/distributed-encoder/internal/db/teststore/stub.go:175.99,175.113 1 0
github.com/badskater/distributed-encoder/internal/db/teststore/stub.go:176.99,176.118 1 0
github.com/badskater/distributed-encoder/internal/db/teststore/stub.go:177.99,177.113 1 0
github.com/badskater/distributed-encoder/internal/db/teststore/stub.go:180.81,180.101 1 0
github.com/badskater/distributed-encoder/internal/db/teststore/stub.go:183.43,183.57 1 0
github.com/badskater/distributed-encoder/internal/proto/encoderv1/agent.pb.go:54.40,58.2 3 0
github.com/badskater/distributed-encoder/internal/proto/encoderv1/agent.pb.go:60.37,62.2 1 0
github.com/badskater/distributed-encoder/internal/proto/encoderv1/agent.pb.go:64.60,66.2 1 0
github.com/badskater/distributed-encoder/internal/proto/encoderv1/agent.pb.go:68.48,70.2 1 0
github.com/badskater/distributed-encoder/internal/proto/encoderv1/agent.pb.go:72.54,74.2 1 0
github.com/badskater/distributed-encoder/internal/proto/encoderv1/agent.pb.go:77.52,79.2 1 0
github.com/badskater/distributed-encoder/internal/proto/encoderv1/agent.pb.go:98.29,103.2 4 0
github.com/badskater/distributed-encoder/internal/proto/encoderv1/agent.pb.go:105.37,107.2 1 0
github.com/badskater/distributed-encoder/internal/proto/encoderv1/agent.pb.go:109.35,109.36 0 0
github.com/badskater/distributed-encoder/internal/proto/encoderv1/agent.pb.go:111.57,113.14 2 0
github.com/badskater/distributed-encoder/internal/proto/encoderv1/agent.pb.go:113.14,115.34 2 0
github.com/badskater/distributed-encoder/internal/proto/encoderv1/agent.pb.go:115.34,117.4 1 0
github.com/badskater/distributed-encoder/internal/proto/encoderv1/agent.pb.go:118.3,118.12 1 0
github.com/badskater/distributed-encoder/internal/proto/encoderv1/agent.pb.go:120.2,120.24 1 0
github.com/badskater/distributed-encoder/internal/proto/encoderv1/agent.pb.go:124.48,126.2 1 0
github.com/badskater/distributed-encoder/internal/proto/encoderv1/agent.pb.go:128.42,129.14 1 0
github.com/badskater/distributed-encoder/internal/proto/encoderv1/agent.pb.go:129.14,131.3 1 0
github.com/badskater/distributed-encoder/internal/proto/encoderv1/agent.pb.go:132.2,132.11 1 0
github.com/badskater/distributed-encoder/internal/proto/encoderv1/agent.pb.go:135.43,136.14 1 0
github.com/badskater/distributed-encoder/internal/proto/encoderv1/agent.pb.go:136.14,138.3 1 0
github.com/badskater/distributed-encoder/internal/proto/encoderv1/agent.pb.go:139.2,139.11 1 0
github.com/badskater/distributed-encoder/internal/proto/encoderv1/agent.pb.go:142.46,143.14 1 0
github.com/badskater/distributed-encoder/internal/proto/encoderv1/agent.pb.go:143.14,145.3 1 0
github.com/badskater/distributed-encoder/internal/proto/encoderv1/agent.pb.go:146.2,146.11 1 0
github.com/badskater/distributed-encoder/internal/proto/encoderv1/agent.pb.go:149.40,150.14 1 0
github.com/badskater/distributed-encoder/internal/proto/encoderv1/agent.pb.go:150.14,152.3 1 0
github.com/badskater/distributed-encoder/internal/proto/encoderv1/agent.pb.go:153.2,153.12 1 0
github.com/badskater/distributed-encoder/internal/proto/encoderv1/agent.pb.go:156.47,157.14 1 0
github.com/badskater/distributed-encoder/internal/proto/encoderv1/agent.pb.go:157.14,159.3 1 0
github.com/badskater/distributed-encoder/internal/proto/encoderv1/agent.pb.go:160.2,160.12 1 0
github.com/badskater/distributed-encoder/internal/proto/encoderv1/agent.pb.go:163.43,164.14 1 0
github.com/badskater/distributed-encoder/internal/proto/encoderv1/agent.pb.go:164.14,166.3 1 0
github.com/badskater/distributed-encoder/internal/proto/encoderv1/agent.pb.go:167.2,167.11 1 0
github.com/badskater/distributed-encoder/internal/proto/encoderv1/agent.pb.go:170.41,171.14 1 0
github.com/badskater/distributed-encoder/internal/proto/encoderv1/agent.pb.go:171.14,173.3 1 0
github.com/badskater/distributed-encoder/internal/proto/encoderv1/agent.pb.go:174.2,174.10 1 0
github.com/badskater/distributed-encoder/internal/proto/encoderv1/agent.pb.go:177.39,178.14 1 0
github.com/badskater/distributed-encoder/internal/proto/encoderv1/agent.pb.go:178.14,180.3 1 0
github.com/badskater/distributed-encoder/internal/proto/encoderv1/agent.pb.go:181.2,181.10 1 0
github.com/badskater/distributed-encoder/internal/proto/encoderv1/agent.pb.go:196.35,201.2 4 0
github.com/badskater/distributed-encoder/internal/proto/encoderv1/agent.pb.go:203.43,205.2 1 0
github.com/badskater/distributed-encoder/internal/proto/encoderv1/agent.pb.go:207.41,207.42 0 0
github.com/badskater/distributed-encoder/internal/proto/encoderv1/agent.pb.go:209.63,211.14 2 0
github.com/badskater/distributed-encoder/internal/proto/encoderv1/agent.pb.go:211.14,213.34 2 0
github.com/badskater/distributed-encoder/internal/proto/encoderv1/agent.pb.go:213.34,215.4 1 0
github.com/badskater/distributed-encoder/internal/proto/encoderv1/agent.pb.go:216.3,216.12 1 0
github.com/badskater/distributed-encoder/internal/proto/encoderv1/agent.pb.go:218.2,218.24 1 0
github.com/badskater/distributed-encoder/internal/proto/encoderv1/agent.pb.go:222.54,224.2 1 0
github.com/badskater/distributed-encoder/internal/proto/encoderv1/agent.pb.go:226.46,227.14 1 0
[...]
github.com/badskater/distributed-encoder/internal/agent/service/service.go:103.3,103.28 1 1
github.com/badskater/distributed-encoder/internal/agent/service/service.go:103.28,106.12 3 1
github.com/badskater/distributed-encoder/internal/agent/service/service.go:110.3,110.58 1 1
github.com/badskater/distributed-encoder/internal/agent/service/service.go:110.58,112.4 1 1
github.com/badskater/distributed-encoder/internal/agent/service/service.go:113.3,113.6 1 1
github.com/badskater/distributed-encoder/internal/agent/service/service.go:115.2,115.10 1 1
github.com/badskater/distributed-encoder/internal/agent/service/service.go:120.31,125.18 3 1
github.com/badskater/distributed-encoder/internal/agent/service/service.go:125.18,127.3 1 0
github.com/badskater/distributed-encoder/internal/agent/service/service.go:128.2,133.27 3 1
github.com/badskater/distributed-encoder/internal/agent/service/service.go:134.17,135.56 1 0
github.com/badskater/distributed-encoder/internal/agent/service/service.go:136.19,137.39 1 0
github.com/badskater/distributed-encoder/internal/agent/service/service.go:138.15,139.35 1 0
github.com/badskater/distributed-encoder/internal/agent/service/service.go:140.14,141.34 1 0
github.com/badskater/distributed-encoder/internal/agent/service/service.go:142.17,143.31 1 0
github.com/badskater/distributed-encoder/internal/agent/service/service.go:144.19,145.34 1 0
github.com/badskater/distributed-encoder/internal/agent/service/service.go:146.30,148.13 2 1
github.com/badskater/distributed-encoder/internal/agent/service/service.go:149.10,152.65 3 1
github.com/badskater/distributed-encoder/internal/agent/service/service.go:157.61,159.16 2 0
github.com/badskater/distributed-encoder/internal/agent/service/service.go:159.16,161.3 1 0
github.com/badskater/distributed-encoder/internal/agent/service/service.go:162.2,163.61 2 0
github.com/badskater/distributed-encoder/internal/agent/service/service.go:163.61,165.3 1 0
github.com/badskater/distributed-encoder/internal/agent/service/service.go:166.2,167.12 2 0
github.com/badskater/distributed-encoder/internal/agent/service/service.go:172.58,174.16 2 0
github.com/badskater/distributed-encoder/internal/agent/service/service.go:174.16,176.3 1 0
github.com/badskater/distributed-encoder/internal/agent/service/service.go:180.2,180.28 1 0
github.com/badskater/distributed-encoder/internal/agent/service/service.go:180.28,182.19 2 0
github.com/badskater/distributed-encoder/internal/agent/service/service.go:182.19,184.4 1 0
github.com/badskater/distributed-encoder/internal/agent/service/service.go:185.3,190.20 2 0
github.com/badskater/distributed-encoder/internal/agent/service/service.go:190.20,192.4 1 0
github.com/badskater/distributed-encoder/internal/agent/service/service.go:192.9,198.4 3 0
github.com/badskater/distributed-encoder/internal/agent/service/service.go:201.2,201.43 1 0
github.com/badskater/distributed-encoder/internal/agent/service/service.go:201.43,208.23 2 0
github.com/badskater/distributed-encoder/internal/agent/service/service.go:208.23,210.4 1 0
github.com/badskater/distributed-encoder/internal/agent/service/service.go:212.3,212.20 1 0
github.com/badskater/distributed-encoder/internal/agent/service/service.go:215.2,215.24 1 0
github.com/badskater/distributed-encoder/internal/agent/service/service.go:215.24,218.3 2 0
github.com/badskater/distributed-encoder/internal/agent/service/service.go:221.2,225.19 4 0
github.com/badskater/distributed-encoder/internal/agent/service/testing.go:15.87,22.2 2 0
github.com/badskater/distributed-encoder/internal/agent/service/upgrade.go:46.80,48.35 2 1
github.com/badskater/distributed-encoder/internal/agent/service/upgrade.go:48.35,50.3 1 1
github.com/badskater/distributed-encoder/internal/agent/service/upgrade.go:52.2,54.54 2 1
github.com/badskater/distributed-encoder/internal/agent/service/upgrade.go:54.54,56.3 1 1
github.com/badskater/distributed-encoder/internal/agent/service/upgrade.go:57.2,63.3 2 1
github.com/badskater/distributed-encoder/internal/agent/service/upgrade.go:68.77,72.6 3 1
github.com/badskater/distributed-encoder/internal/agent/service/upgrade.go:72.6,73.10 1 1
github.com/badskater/distributed-encoder/internal/agent/service/upgrade.go:74.21,75.10 1 1
github.com/badskater/distributed-encoder/internal/agent/service/upgrade.go:76.19,77.24 1 0
github.com/badskater/distributed-encoder/internal/agent/service/upgrade.go:83.73,86.16 3 1
github.com/badskater/distributed-encoder/internal/agent/service/upgrade.go:86.16,89.3 2 0
github.com/badskater/distributed-encoder/internal/agent/service/upgrade.go:91.2,92.16 2 1
github.com/badskater/distributed-encoder/internal/agent/service/upgrade.go:92.16,95.3 2 1
github.com/badskater/distributed-encoder/internal/agent/service/upgrade.go:96.2,98.38 2 1
github.com/badskater/distributed-encoder/internal/agent/service/upgrade.go:98.38,101.3 2 1
github.com/badskater/distributed-encoder/internal/agent/service/upgrade.go:103.2,104.70 2 1
github.com/badskater/distributed-encoder/internal/agent/service/upgrade.go:104.70,107.3 2 1
github.com/badskater/distributed-encoder/internal/agent/service/upgrade.go:109.2,109.43 1 1
github.com/badskater/distributed-encoder/internal/agent/service/upgrade.go:109.43,112.3 2 1
github.com/badskater/distributed-encoder/internal/agent/service/upgrade.go:114.2,118.37 3 1
github.com/badskater/distributed-encoder/internal/agent/service/upgrade.go:118.37,120.55 2 1
github.com/badskater/distributed-encoder/internal/agent/service/upgrade.go:120.55,122.9 2 0
github.com/badskater/distributed-encoder/internal/agent/service/upgrade.go:125.2,125.21 1 1
github.com/badskater/distributed-encoder/internal/agent/service/upgrade.go:125.21,128.3 2 1
github.com/badskater/distributed-encoder/internal/agent/service/upgrade.go:130.2,130.14 1 0
github.com/badskater/distributed-encoder/internal/agent/service/upgrade.go:130.14,133.3 2 0
github.com/badskater/distributed-encoder/internal/agent/service/upgrade.go:135.2,136.71 2 0
github.com/badskater/distributed-encoder/internal/agent/service/upgrade.go:136.71,138.3 1 0
github.com/badskater/distributed-encoder/internal/agent/service/upgrade.go:143.102,147.16 3 1
github.com/badskater/distributed-encoder/internal/agent/service/upgrade.go:147.16,149.3 1 1
github.com/badskater/distributed-encoder/internal/agent/service/upgrade.go:151.2,152.16 2 1
github.com/badskater/distributed-encoder/internal/agent/service/upgrade.go:152.16,154.3 1 1
github.com/badskater/distributed-encoder/internal/agent/service/upgrade.go:155.2,157.38 2 1
github.com/badskater/distributed-encoder/internal/agent/service/upgrade.go:157.38,159.3 1 1
github.com/badskater/distributed-encoder/internal/agent/service/upgrade.go:162.2,163.16 2 1
github.com/badskater/distributed-encoder/internal/agent/service/upgrade.go:163.16,165.3 1 0
github.com/badskater/distributed-encoder/internal/agent/service/upgrade.go:166.2,168.16 3 1
github.com/badskater/distributed-encoder/internal/agent/service/upgrade.go:168.16,170.3 1 0
github.com/badskater/distributed-encoder/internal/agent/service/upgrade.go:171.2,176.54 4 1
github.com/badskater/distributed-encoder/internal/agent/service/upgrade.go:176.54,180.3 3 0
github.com/badskater/distributed-encoder/internal/agent/service/upgrade.go:181.2,184.26 2 1
github.com/badskater/distributed-encoder/internal/agent/service/upgrade.go:184.26,186.31 2 1
github.com/badskater/distributed-encoder/internal/agent/service/upgrade.go:186.31,189.4 2 1
github.com/badskater/distributed-encoder/internal/agent/service/upgrade.go:190.3,190.48 1 1
github.com/badskater/distributed-encoder/internal/agent/service/upgrade.go:194.2,195.56 2 1
github.com/badskater/distributed-encoder/internal/agent/service/upgrade.go:195.56,198.3 2 0
github.com/badskater/distributed-encoder/internal/agent/service/upgrade.go:200.2,205.55 4 1
github.com/badskater/distributed-encoder/internal/agent/service/upgrade.go:205.55,208.3 2 0
github.com/badskater/distributed-encoder/internal/agent/service/upgrade.go:209.2,209.56 1 1
github.com/badskater/distributed-encoder/internal/agent/service/upgrade.go:209.56,213.3 2 0
github.com/badskater/distributed-encoder/internal/agent/service/upgrade.go:216.2,222.30 4 1
github.com/badskater/distributed-encoder/internal/agent/service/upgrade.go:222.30,224.66 2 1
github.com/badskater/distributed-encoder/internal/agent/service/upgrade.go:224.66,226.4 1 0
github.com/badskater/distributed-encoder/internal/agent/service/upgrade.go:229.2,229.12 1 1
github.com/badskater/distributed-encoder/internal/agent/service/upgrade.go:235.78,237.2 1 1
github.com/badskater/distributed-encoder/internal/agent/service/upgrade.go:241.62,242.22 1 1
github.com/badskater/distributed-encoder/internal/agent/service/upgrade.go:243.17,244.103 1 1
github.com/badskater/distributed-encoder/internal/agent/service/upgrade.go:244.103,246.4 1 1
github.com/badskater/distributed-encoder/internal/agent/service/upgrade.go:248.3,249.104 2 1
github.com/badskater/distributed-encoder/internal/agent/service/upgrade.go:249.104,251.4 1 1
github.com/badskater/distributed-encoder/internal/agent/service/upgrade.go:252.15,253.109 1 0
github.com/badskater/distributed-encoder/internal/agent/service/upgrade.go:253.109,255.4 1 0
github.com/badskater/distributed-encoder/internal/agent/service/upgrade.go:256.10,257.83 1 0
github.com/badskater/distributed-encoder/internal/agent/service/upgrade.go:264.69,265.22 1 1
github.com/badskater/distributed-encoder/internal/agent/service/upgrade.go:266.17,268.17 2 1
github.com/badskater/distributed-encoder/internal/agent/service/upgrade.go:268.17,271.4 2 1
github.com/badskater/distributed-encoder/internal/agent/service/upgrade.go:272.3,272.50 1 0
github.com/badskater/distributed-encoder/internal/agent/service/upgrade.go:273.15,275.17 2 0
github.com/badskater/distributed-encoder/internal/agent/service/upgrade.go:275.17,278.4 2 0
github.com/badskater/distributed-encoder/internal/agent/service/upgrade.go:279.3,279.52 1 0
github.com/badskater/distributed-encoder/internal/agent/service/upgrade.go:280.10,282.15 2 0
github.com/badskater/distributed-encoder/internal/agent/service/upgrade.go:288.84,290.47 2 1
github.com/badskater/distributed-encoder/internal/agent/service/upgrade.go:290.47,292.3 1 1
github.com/badskater/distributed-encoder/internal/agent/service/upgrade.go:295.2,296.55 2 1
github.com/badskater/distributed-encoder/internal/agent/service/upgrade.go:296.55,299.3 1 0
github.com/badskater/distributed-encoder/internal/agent/service/upgrade.go:301.2,301.55 1 1
github.com/badskater/distributed-encoder/internal/agent/service/upgrade.go:301.55,303.3 1 0
github.com/badskater/distributed-encoder/internal/agent/service/upgrade.go:305.2,308.12 4 1
github.com/badskater/distributed-encoder/internal/agent/service/vnc_windows.go:26.77,27.18 1 0
github.com/badskater/distributed-encoder/internal/agent/service/vnc_windows.go:27.18,29.3 1 0
github.com/badskater/distributed-encoder/internal/agent/service/vnc_windows.go:30.2,30.24 1 0
github.com/badskater/distributed-encoder/internal/agent/service/vnc_windows.go:30.24,32.3 1 0
github.com/badskater/distributed-encoder/internal/agent/service/vnc_windows.go:33.2,33.39 1 0
github.com/badskater/distributed-encoder/internal/agent/service/vnc_windows.go:33.39,35.3 1 0
github.com/badskater/distributed-encoder/internal/agent/service/vnc_windows.go:38.2,38.28 1 0
github.com/badskater/distributed-encoder/internal/agent/service/vnc_windows.go:38.28,40.17 2 0
github.com/badskater/distributed-encoder/internal/agent/service/vnc_windows.go:40.17,42.4 1 0
github.com/badskater/distributed-encoder/internal/agent/service/vnc_windows.go:43.3,43.17 1 0
github.com/badskater/distributed-encoder/internal/agent/service/vnc_windows.go:43.17,46.18 3 0
github.com/badskater/distributed-encoder/internal/agent/service/vnc_windows.go:46.18,48.5 1 0
github.com/badskater/distributed-encoder/internal/agent/service/vnc_windows.go:49.4,52.72 3 0
github.com/badskater/distributed-encoder/internal/agent/service/vnc_windows.go:52.72,54.5 1 0
github.com/badskater/distributed-encoder/internal/agent/service/vnc_windows.go:55.4,55.52 1 0
github.com/badskater/distributed-encoder/internal/agent/service/vnc_windows.go:56.9,58.4 1 0
github.com/badskater/distributed-encoder/internal/agent/service/vnc_windows.go:62.2,62.71 1 0
github.com/badskater/distributed-encoder/internal/agent/service/vnc_windows.go:62.71,64.3 1 0
github.com/badskater/distributed-encoder/internal/agent/service/vnc_windows.go:67.2,67.53 1 0
github.com/badskater/distributed-encoder/internal/agent/service/vnc_windows.go:67.53,69.3 1 0
github.com/badskater/distributed-encoder/internal/agent/service/vnc_windows.go:71.2,72.12 2 0
github.com/badskater/distributed-encoder/internal/agent/service/vnc_windows.go:77.42,82.26 2 0
github.com/badskater/distributed-encoder/internal/agent/service/vnc_windows.go:82.26,83.39 1 0
github.com/badskater/distributed-encoder/internal/agent/service/vnc_windows.go:83.39,85.4 1 0
github.com/badskater/distributed-encoder/internal/agent/service/vnc_windows.go:87.2,87.19 1 0
github.com/badskater/distributed-encoder/internal/agent/service/vnc_windows.go:92.47,97.16 4 0
github.com/badskater/distributed-encoder/internal/agent/service/vnc_windows.go:97.16,99.3 1 0
github.com/badskater/distributed-encoder/internal/agent/service/vnc_windows.go:101.2,102.16 2 0
github.com/badskater/distributed-encoder/internal/agent/service/vnc_windows.go:102.16,104.3 1 0
github.com/badskater/distributed-encoder/internal/agent/service/vnc_windows.go:105.2,107.38 2 0
github.com/badskater/distributed-encoder/internal/agent/service/vnc_windows.go:107.38,109.3 1 0
github.com/badskater/distributed-encoder/internal/agent/service/vnc_windows.go:111.2,112.16 2 0
github.com/badskater/distributed-encoder/internal/agent/service/vnc_windows.go:112.16,114.3 1 0
github.com/badskater/distributed-encoder/internal/agent/service/vnc_windows.go:115.2,117.49 2 0
github.com/badskater/distributed-encoder/internal/agent/service/vnc_windows.go:117.49,120.3 2 0
github.com/badskater/distributed-encoder/internal/agent/service/vnc_windows.go:121.2,121.22 1 0
github.com/badskater/distributed-encoder/internal/agent/service/vnc_windows.go:126.61,145.50 4 0
github.com/badskater/distributed-encoder/internal/agent/service/vnc_windows.go:145.50,147.3 1 0
github.com/badskater/distributed-encoder/internal/agent/service/vnc_windows.go:148.2,148.12 1 0
github.com/badskater/distributed-encoder/internal/agent/service/vnc_windows.go:153.75,155.21 2 0
github.com/badskater/distributed-encoder/internal/agent/service/vnc_windows.go:155.21,158.3 2 0
github.com/badskater/distributed-encoder/internal/agent/service/vnc_windows.go:161.2,162.83 2 0
github.com/badskater/distributed-encoder/internal/agent/service/vnc_windows.go:162.83,164.3 1 0
github.com/badskater/distributed-encoder/internal/agent/service/vnc_windows.go:167.2,168.83 2 0
github.com/badskater/distributed-encoder/internal/agent/service/vnc_windows.go:168.83,171.3 1 0
github.com/badskater/distributed-encoder/internal/agent/service/vnc_windows.go:172.2,172.12 1 0
github.com/badskater/distributed-encoder/internal/agent/service/vnc_windows.go:176.54,178.21 2 0
github.com/badskater/distributed-encoder/internal/agent/service/vnc_windows.go:178.21,181.17 2 0
github.com/badskater/distributed-encoder/internal/agent/service/vnc_windows.go:181.17,183.4 1 0
github.com/badskater/distributed-encoder/internal/agent/service/vnc_windows.go:184.3,184.13 1 0
github.com/badskater/distributed-encoder/internal/agent/service/vnc_windows.go:188.2,189.16 2 0
github.com/badskater/distributed-encoder/internal/agent/service/vnc_windows.go:189.16,192.3 1 0
github.com/badskater/distributed-encoder/internal/agent/service/vnc_windows.go:193.2,193.12 1 0
github.com/badskater/distributed-encoder/internal/agent/service/vnc_windows.go:197.34,202.31 2 0
github.com/badskater/distributed-encoder/internal/agent/service/vnc_windows.go:202.31,203.39 1 0
github.com/badskater/distributed-encoder/internal/agent/service/vnc_windows.go:203.39,205.4 1 0
github.com/badskater/distributed-encoder/internal/agent/service/vnc_windows.go:207.2,207.11 1 0
github.com/badskater/distributed-encoder/internal/agent/service/winsvc.go:26.121,34.12 6 0
github.com/badskater/distributed-encoder/internal/agent/service/winsvc.go:34.12,36.3 1 0
github.com/badskater/distributed-encoder/internal/agent/service/winsvc.go:38.2,40.6 2 0
github.com/badskater/distributed-encoder/internal/agent/service/winsvc.go:40.6,41.10 1 0
github.com/badskater/distributed-encoder/internal/agent/service/winsvc.go:42.23,43.18 1 0
github.com/badskater/distributed-encoder/internal/agent/service/winsvc.go:43.18,47.5 3 0
github.com/badskater/distributed-encoder/internal/agent/service/winsvc.go:48.4,49.19 2 0
github.com/badskater/distributed-encoder/internal/agent/service/winsvc.go:51.20,52.18 1 0
github.com/badskater/distributed-encoder/internal/agent/service/winsvc.go:53.25,57.31 3 0
github.com/badskater/distributed-encoder/internal/agent/service/winsvc.go:58.32,64.20 5 0
github.com/badskater/distributed-encoder/internal/agent/service/winsvc.go:65.12,66.67 1 0
github.com/badskater/distributed-encoder/internal/agent/service/winsvc.go:73.82,75.16 2 0
github.com/badskater/distributed-encoder/internal/agent/service/winsvc.go:75.16,77.3 1 0
github.com/badskater/distributed-encoder/internal/agent/service/winsvc.go:78.2,78.12 1 0
github.com/badskater/distributed-encoder/internal/agent/service/winsvc.go:83.30,86.2 2 0
github.com/badskater/distributed-encoder/internal/agent/service/winsvc.go:89.52,91.16 2 0
github.com/badskater/distributed-encoder/internal/agent/service/winsvc.go:91.16,93.3 1 0
github.com/badskater/distributed-encoder/internal/agent/service/winsvc.go:95.2,96.16 2 0
github.com/badskater/distributed-encoder/internal/agent/service/winsvc.go:96.16,98.3 1 0
github.com/badskater/distributed-encoder/internal/agent/service/winsvc.go:99.2,106.16 3 0
github.com/badskater/distributed-encoder/internal/agent/service/winsvc.go:106.16,108.3 1 0
github.com/badskater/distributed-encoder/internal/agent/service/winsvc.go:109.2,112.12 3 0
github.com/badskater/distributed-encoder/internal/agent/service/winsvc.go:116.42,118.16 2 0
github.com/badskater/distributed-encoder/internal/agent/service/winsvc.go:118.16,120.3 1 0
github.com/badskater/distributed-encoder/internal/agent/service/winsvc.go:121.2,124.16 3 0
github.com/badskater/distributed-encoder/internal/agent/service/winsvc.go:124.16,126.3 1 0
github.com/badskater/distributed-encoder/internal/agent/service/winsvc.go:127.2,129.35 2 0
github.com/badskater/distributed-encoder/internal/agent/service/winsvc.go:129.35,131.3 1 0
github.com/badskater/distributed-encoder/internal/agent/service/winsvc.go:133.2,134.12 2 0
github.com/badskater/distributed-encoder/internal/agent/service/winsvc.go:138.38,140.16 2 0
github.com/badskater/distributed-encoder/internal/agent/service/winsvc.go:140.16,142.3 1 0
github.com/badskater/distributed-encoder/internal/agent/service/winsvc.go:143.2,146.16 3 0
github.com/badskater/distributed-encoder/internal/agent/service/winsvc.go:146.16,148.3 1 0
github.com/badskater/distributed-encoder/internal/agent/service/winsvc.go:149.2,151.34 2 0
github.com/badskater/distributed-encoder/internal/agent/service/winsvc.go:151.34,153.3 1 0
github.com/badskater/distributed-encoder/internal/agent/service/winsvc.go:155.2,156.12 2 0
github.com/badskater/distributed-encoder/internal/agent/service/winsvc.go:160.37,162.16 2 0
github.com/badskater/distributed-encoder/internal/agent/service/winsvc.go:162.16,164.3 1 0
github.com/badskater/distributed-encoder/internal/agent/service/winsvc.go:165.2,168.16 3 0
github.com/badskater/distributed-encoder/internal/agent/service/winsvc.go:168.16,170.3 1 0
github.com/badskater/distributed-encoder/internal/agent/service/winsvc.go:171.2,174.16 3 0
github.com/badskater/distributed-encoder/internal/agent/service/winsvc.go:174.16,176.3 1 0
github.com/badskater/distributed-encoder/internal/agent/service/winsvc.go:178.2,179.12 2 0
